[0.007s] Invoking command in '/home/saeid/ros2_ws/build/box_bot_gazebo': CMAKE_PREFIX_PATH=/opt/ros/humble /usr/bin/cmake --build /home/saeid/ros2_ws/build/box_bot_gazebo -- -j16 -l16
[0.027s] -- Found ament_cmake: 1.3.10 (/opt/ros/humble/share/ament_cmake/cmake)
[0.112s] -- Found rclcpp: 16.0.10 (/opt/ros/humble/share/rclcpp/cmake)
[0.130s] -- Found rosidl_generator_c: 3.1.5 (/opt/ros/humble/share/rosidl_generator_c/cmake)
[0.132s] -- Found rosidl_adapter: 3.1.5 (/opt/ros/humble/share/rosidl_adapter/cmake)
[0.136s] -- Found rosidl_generator_cpp: 3.1.5 (/opt/ros/humble/share/rosidl_generator_cpp/cmake)
[0.141s] -- Using all available rosidl_typesupport_c: rosidl_typesupport_fastrtps_c;rosidl_typesupport_introspection_c
[0.149s] -- Using all available rosidl_typesupport_cpp: rosidl_typesupport_fastrtps_cpp;rosidl_typesupport_introspection_cpp
[0.169s] -- Found rmw_implementation_cmake: 6.1.2 (/opt/ros/humble/share/rmw_implementation_cmake/cmake)
[0.170s] -- Found rmw_cyclonedds_cpp: 1.3.4 (/opt/ros/humble/share/rmw_cyclonedds_cpp/cmake)
[0.182s] -- Using RMW implementation 'rmw_cyclonedds_cpp' as default
[0.212s] -- Found rclpy: 3.3.14 (/opt/ros/humble/share/rclpy/cmake)
[0.216s] [33mCMake Warning (dev) at /usr/share/cmake-3.22/Modules/FindPackageHandleStandardArgs.cmake:438 (message):
[0.216s]   The package name passed to `find_package_handle_standard_args` (PkgConfig)
[0.216s]   does not match the name of the calling package (gazebo).  This can lead to
[0.216s]   problems in calling code that expects `find_package` result variables
[0.216s]   (e.g., `_FOUND`) to follow a certain pattern.
[0.216s] Call Stack (most recent call first):
[0.216s]   /usr/share/cmake-3.22/Modules/FindPkgConfig.cmake:99 (find_package_handle_standard_args)
[0.216s]   /usr/lib/x86_64-linux-gnu/cmake/gazebo/gazebo-config.cmake:72 (include)
[0.216s]   CMakeLists.txt:26 (find_package)
[0.216s] This warning is for project developers.  Use -Wno-dev to suppress it.
[0.216s] [0m
[0.240s] -- Found DART: /usr/include (Required is at least version "6.6") found components: dart 
[0.264s] -- Found Protobuf: /usr/lib/x86_64-linux-gnu/libprotobuf.so (found version "3.12.4") 
[0.265s] -- Looking for ignition-math6 -- found version 6.15.1
[0.268s] -- Searching for dependencies of ignition-math6
[0.269s] -- Looking for OGRE...
[0.275s] -- Found Ogre Ghadamon (1.9.0)
[0.275s] -- Found OGRE: optimized;/usr/lib/x86_64-linux-gnu/libOgreMain.so;debug;/usr/lib/x86_64-linux-gnu/libOgreMain.so
[0.287s] -- Looking for OGRE_Paging...
[0.287s] -- Found OGRE_Paging: optimized;/usr/lib/x86_64-linux-gnu/libOgrePaging.so;debug;/usr/lib/x86_64-linux-gnu/libOgrePaging.so
[0.287s] -- Looking for OGRE_Terrain...
[0.288s] -- Found OGRE_Terrain: optimized;/usr/lib/x86_64-linux-gnu/libOgreTerrain.so;debug;/usr/lib/x86_64-linux-gnu/libOgreTerrain.so
[0.288s] -- Looking for OGRE_Property...
[0.288s] -- Found OGRE_Property: optimized;/usr/lib/x86_64-linux-gnu/libOgreProperty.so;debug;/usr/lib/x86_64-linux-gnu/libOgreProperty.so
[0.288s] -- Looking for OGRE_RTShaderSystem...
[0.288s] -- Found OGRE_RTShaderSystem: optimized;/usr/lib/x86_64-linux-gnu/libOgreRTShaderSystem.so;debug;/usr/lib/x86_64-linux-gnu/libOgreRTShaderSystem.so
[0.288s] -- Looking for OGRE_Volume...
[0.288s] -- Found OGRE_Volume: optimized;/usr/lib/x86_64-linux-gnu/libOgreVolume.so;debug;/usr/lib/x86_64-linux-gnu/libOgreVolume.so
[0.288s] -- Looking for OGRE_Overlay...
[0.288s] -- Found OGRE_Overlay: optimized;/usr/lib/x86_64-linux-gnu/libOgreOverlay.so;debug;/usr/lib/x86_64-linux-gnu/libOgreOverlay.so
[0.352s] -- Looking for ignition-math6 -- found version 6.15.1
[0.352s] -- Looking for ignition-transport8 -- found version 8.2.1
[0.353s] -- Searching for dependencies of ignition-transport8
[0.364s] -- Found Protobuf: /usr/lib/x86_64-linux-gnu/libprotobuf.so (found suitable version "3.12.4", minimum required is "3") 
[0.371s] -- Config-file not installed for ZeroMQ -- checking for pkg-config
[0.374s] -- Checking for module 'libzmq >= 4'
[0.385s] --   Found libzmq , version 4.3.4
[0.515s] -- Checking for module 'uuid'
[0.557s] --   Found uuid, version 2.37.2
[0.703s] -- Looking for ignition-msgs5 -- found version 5.8.1
[0.705s] -- Searching for dependencies of ignition-msgs5
[0.722s] -- Looking for ignition-math6 -- found version 6.15.1
[0.727s] -- Checking for module 'tinyxml2'
[0.747s] --   Found tinyxml2, version 9.0.0
[0.870s] -- Looking for ignition-msgs5 -- found version 5.8.1
[0.871s] -- Looking for ignition-common3 -- found version 3.14.0
[0.872s] -- Searching for dependencies of ignition-common3
[0.873s] -- Looking for dlfcn.h - found
[0.873s] -- Looking for libdl - found
[0.891s] -- Searching for <ignition-common3> component [graphics]
[0.891s] -- Looking for ignition-common3-graphics -- found version 3.14.0
[0.891s] -- Searching for dependencies of ignition-common3-graphics
[0.892s] -- Looking for ignition-math6 -- found version 6.15.1
[0.892s] -- Looking for ignition-fuel_tools4 -- found version 4.4.0
[0.892s] -- Searching for dependencies of ignition-fuel_tools4
[0.944s] -- Checking for module 'jsoncpp'
[0.964s] --   Found jsoncpp, version 1.9.5
[1.123s] -- Checking for module 'libzip'
[1.161s] --   Found libzip, version 1.7.3
[1.310s] -- Looking for ignition-common3 -- found version 3.14.0
[1.311s] -- Looking for ignition-math6 -- found version 6.15.1
[1.312s] -- Looking for ignition-msgs5 -- found version 5.8.1
[1.316s] -- Found ament_lint_auto: 0.12.11 (/opt/ros/humble/share/ament_lint_auto/cmake)
[1.391s] -- Added test 'copyright' to check source files copyright and LICENSE
[1.392s] -- Added test 'flake8' to check Python code syntax and style conventions
[1.392s] -- Added test 'lint_cmake' to check CMake code style
[1.392s] -- Added test 'pep257' to check Python code against some of the docstring style conventions in PEP 257
[1.393s] -- Added test 'xmllint' to check XML markup files
[1.393s] -- Configuring done
[1.397s] -- Generating done
[1.398s] -- Build files have been written to: /home/saeid/ros2_ws/build/box_bot_gazebo
[1.424s] Invoked command in '/home/saeid/ros2_ws/build/box_bot_gazebo' returned '0': CMAKE_PREFIX_PATH=/opt/ros/humble /usr/bin/cmake --build /home/saeid/ros2_ws/build/box_bot_gazebo -- -j16 -l16
[1.473s] Invoking command in '/home/saeid/ros2_ws/build/box_bot_gazebo': CMAKE_PREFIX_PATH=/opt/ros/humble /usr/bin/cmake --install /home/saeid/ros2_ws/build/box_bot_gazebo
[1.488s] -- Install configuration: ""
[1.488s] -- Up-to-date: /home/saeid/ros2_ws/install/box_bot_gazebo/share/box_bot_gazebo//launch
[1.489s] -- Up-to-date: /home/saeid/ros2_ws/install/box_bot_gazebo/share/box_bot_gazebo//launch/box_bot_launch.py
[1.489s] -- Up-to-date: /home/saeid/ros2_ws/install/box_bot_gazebo/share/box_bot_gazebo//launch/start_world_launch.py
[1.489s] -- Up-to-date: /home/saeid/ros2_ws/install/box_bot_gazebo/share/box_bot_gazebo//launch/multi_box_bot_launch.py
[1.489s] -- Up-to-date: /home/saeid/ros2_ws/install/box_bot_gazebo/share/box_bot_gazebo//launch/.vscode
[1.489s] -- Up-to-date: /home/saeid/ros2_ws/install/box_bot_gazebo/share/box_bot_gazebo//launch/.vscode/settings.json
[1.489s] -- Up-to-date: /home/saeid/ros2_ws/install/box_bot_gazebo/share/box_bot_gazebo//launch/.vscode/c_cpp_properties.json
[1.489s] -- Up-to-date: /home/saeid/ros2_ws/install/box_bot_gazebo/share/box_bot_gazebo//launch/robots_controller.py
[1.489s] -- Up-to-date: /home/saeid/ros2_ws/install/box_bot_gazebo/share/box_bot_gazebo//worlds
[1.489s] -- Up-to-date: /home/saeid/ros2_ws/install/box_bot_gazebo/share/box_bot_gazebo//worlds/box_bot_empty.world
[1.489s] -- Up-to-date: /home/saeid/ros2_ws/install/box_bot_gazebo/share/ament_index/resource_index/package_run_dependencies/box_bot_gazebo
[1.489s] -- Installing: /home/saeid/ros2_ws/install/box_bot_gazebo/share/ament_index/resource_index/parent_prefix_path/box_bot_gazebo
[1.490s] -- Up-to-date: /home/saeid/ros2_ws/install/box_bot_gazebo/share/box_bot_gazebo/environment/ament_prefix_path.sh
[1.490s] -- Installing: /home/saeid/ros2_ws/install/box_bot_gazebo/share/box_bot_gazebo/environment/ament_prefix_path.dsv
[1.490s] -- Up-to-date: /home/saeid/ros2_ws/install/box_bot_gazebo/share/box_bot_gazebo/environment/path.sh
[1.490s] -- Installing: /home/saeid/ros2_ws/install/box_bot_gazebo/share/box_bot_gazebo/environment/path.dsv
[1.490s] -- Up-to-date: /home/saeid/ros2_ws/install/box_bot_gazebo/share/box_bot_gazebo/local_setup.bash
[1.490s] -- Up-to-date: /home/saeid/ros2_ws/install/box_bot_gazebo/share/box_bot_gazebo/local_setup.sh
[1.490s] -- Up-to-date: /home/saeid/ros2_ws/install/box_bot_gazebo/share/box_bot_gazebo/local_setup.zsh
[1.490s] -- Installing: /home/saeid/ros2_ws/install/box_bot_gazebo/share/box_bot_gazebo/local_setup.dsv
[1.490s] -- Installing: /home/saeid/ros2_ws/install/box_bot_gazebo/share/box_bot_gazebo/package.dsv
[1.490s] -- Up-to-date: /home/saeid/ros2_ws/install/box_bot_gazebo/share/ament_index/resource_index/packages/box_bot_gazebo
[1.490s] -- Up-to-date: /home/saeid/ros2_ws/install/box_bot_gazebo/share/box_bot_gazebo/cmake/box_bot_gazeboConfig.cmake
[1.490s] -- Up-to-date: /home/saeid/ros2_ws/install/box_bot_gazebo/share/box_bot_gazebo/cmake/box_bot_gazeboConfig-version.cmake
[1.490s] -- Up-to-date: /home/saeid/ros2_ws/install/box_bot_gazebo/share/box_bot_gazebo/package.xml
[1.492s] Invoked command in '/home/saeid/ros2_ws/build/box_bot_gazebo' returned '0': CMAKE_PREFIX_PATH=/opt/ros/humble /usr/bin/cmake --install /home/saeid/ros2_ws/build/box_bot_gazebo
