[0.007s] Invoking command in '/home/saeid/ros2_ws/build/box_bot_gazebo': CMAKE_PREFIX_PATH=/opt/ros/humble /usr/bin/cmake --build /home/saeid/ros2_ws/build/box_bot_gazebo -- -j16 -l16
[0.030s] -- Found ament_cmake: 1.3.10 (/opt/ros/humble/share/ament_cmake/cmake)
[0.126s] -- Found rclcpp: 16.0.10 (/opt/ros/humble/share/rclcpp/cmake)
[0.147s] -- Found rosidl_generator_c: 3.1.5 (/opt/ros/humble/share/rosidl_generator_c/cmake)
[0.148s] -- Found rosidl_adapter: 3.1.5 (/opt/ros/humble/share/rosidl_adapter/cmake)
[0.152s] -- Found rosidl_generator_cpp: 3.1.5 (/opt/ros/humble/share/rosidl_generator_cpp/cmake)
[0.158s] -- Using all available rosidl_typesupport_c: rosidl_typesupport_fastrtps_c;rosidl_typesupport_introspection_c
[0.165s] -- Using all available rosidl_typesupport_cpp: rosidl_typesupport_fastrtps_cpp;rosidl_typesupport_introspection_cpp
[0.185s] -- Found rmw_implementation_cmake: 6.1.2 (/opt/ros/humble/share/rmw_implementation_cmake/cmake)
[0.186s] [31mCMake Error at /opt/ros/humble/share/rmw_implementation_cmake/cmake/get_default_rmw_implementation.cmake:60 (message):
[0.186s]   Could not find ROS middleware implementation 'rmw_cyclonedds_cpp'.  Choose
[0.186s]   one of the following: rmw_fastrtps_cpp
[0.186s] Call Stack (most recent call first):
[0.186s]   /opt/ros/humble/share/rmw_implementation/cmake/rmw_implementation-extras.cmake:19 (get_default_rmw_implementation)
[0.186s]   /opt/ros/humble/share/rmw_implementation/cmake/rmw_implementationConfig.cmake:41 (include)
[0.186s]   /opt/ros/humble/share/rcl/cmake/ament_cmake_export_dependencies-extras.cmake:21 (find_package)
[0.186s]   /opt/ros/humble/share/rcl/cmake/rclConfig.cmake:41 (include)
[0.186s]   /opt/ros/humble/share/libstatistics_collector/cmake/ament_cmake_export_dependencies-extras.cmake:21 (find_package)
[0.187s]   /opt/ros/humble/share/libstatistics_collector/cmake/libstatistics_collectorConfig.cmake:41 (include)
[0.187s]   /opt/ros/humble/share/rclcpp/cmake/ament_cmake_export_dependencies-extras.cmake:21 (find_package)
[0.187s]   /opt/ros/humble/share/rclcpp/cmake/rclcppConfig.cmake:41 (include)
[0.187s]   CMakeLists.txt:21 (find_package)
[0.187s] 
[0.187s] [0m
[0.187s] -- Configuring incomplete, errors occurred!
[0.187s] See also "/home/saeid/ros2_ws/build/box_bot_gazebo/CMakeFiles/CMakeOutput.log".
[0.189s] gmake: *** [Makefile:226: cmake_check_build_system] Error 1
[0.191s] Invoked command in '/home/saeid/ros2_ws/build/box_bot_gazebo' returned '2': CMAKE_PREFIX_PATH=/opt/ros/humble /usr/bin/cmake --build /home/saeid/ros2_ws/build/box_bot_gazebo -- -j16 -l16
