-- Install configuration: ""
-- Up-to-date: /home/saeid/ros2_ws/install/box_bot_gazebo/share/box_bot_gazebo//launch
-- Up-to-date: /home/saeid/ros2_ws/install/box_bot_gazebo/share/box_bot_gazebo//launch/box_bot_launch.py
-- Up-to-date: /home/saeid/ros2_ws/install/box_bot_gazebo/share/box_bot_gazebo//launch/start_world_launch.py
-- Up-to-date: /home/saeid/ros2_ws/install/box_bot_gazebo/share/box_bot_gazebo//launch/multi_box_bot_launch.py
-- Up-to-date: /home/saeid/ros2_ws/install/box_bot_gazebo/share/box_bot_gazebo//launch/robots_controller.py
-- Up-to-date: /home/saeid/ros2_ws/install/box_bot_gazebo/share/box_bot_gazebo//worlds
-- Up-to-date: /home/saeid/ros2_ws/install/box_bot_gazebo/share/box_bot_gazebo//worlds/box_bot_empty.world
-- Up-to-date: /home/saeid/ros2_ws/install/box_bot_gazebo/share/ament_index/resource_index/package_run_dependencies/box_bot_gazebo
-- Up-to-date: /home/saeid/ros2_ws/install/box_bot_gazebo/share/ament_index/resource_index/parent_prefix_path/box_bot_gazebo
-- Up-to-date: /home/saeid/ros2_ws/install/box_bot_gazebo/share/box_bot_gazebo/environment/ament_prefix_path.sh
-- Up-to-date: /home/saeid/ros2_ws/install/box_bot_gazebo/share/box_bot_gazebo/environment/ament_prefix_path.dsv
-- Up-to-date: /home/saeid/ros2_ws/install/box_bot_gazebo/share/box_bot_gazebo/environment/path.sh
-- Up-to-date: /home/saeid/ros2_ws/install/box_bot_gazebo/share/box_bot_gazebo/environment/path.dsv
-- Up-to-date: /home/saeid/ros2_ws/install/box_bot_gazebo/share/box_bot_gazebo/local_setup.bash
-- Up-to-date: /home/saeid/ros2_ws/install/box_bot_gazebo/share/box_bot_gazebo/local_setup.sh
-- Up-to-date: /home/saeid/ros2_ws/install/box_bot_gazebo/share/box_bot_gazebo/local_setup.zsh
-- Up-to-date: /home/saeid/ros2_ws/install/box_bot_gazebo/share/box_bot_gazebo/local_setup.dsv
-- Up-to-date: /home/saeid/ros2_ws/install/box_bot_gazebo/share/box_bot_gazebo/package.dsv
-- Up-to-date: /home/saeid/ros2_ws/install/box_bot_gazebo/share/ament_index/resource_index/packages/box_bot_gazebo
-- Up-to-date: /home/saeid/ros2_ws/install/box_bot_gazebo/share/box_bot_gazebo/cmake/box_bot_gazeboConfig.cmake
-- Up-to-date: /home/saeid/ros2_ws/install/box_bot_gazebo/share/box_bot_gazebo/cmake/box_bot_gazeboConfig-version.cmake
-- Up-to-date: /home/saeid/ros2_ws/install/box_bot_gazebo/share/box_bot_gazebo/package.xml
