[0.008s] Invoking command in '/home/saeid/ros2_ws/build/box_bot_description': CMAKE_PREFIX_PATH=${CMAKE_PREFIX_PATH}:/opt/ros/humble /usr/bin/cmake /home/saeid/ros2_ws/src/box_bot/box_bot_description -DCMAKE_INSTALL_PREFIX=/home/saeid/ros2_ws/install/box_bot_description
[0.073s] -- The C compiler identification is GNU 11.4.0
[0.133s] -- The CXX compiler identification is GNU 11.4.0
[0.138s] -- Detecting C compiler ABI info
[0.190s] -- Detecting C compiler ABI info - done
[0.196s] -- Check for working C compiler: /usr/bin/cc - skipped
[0.197s] -- Detecting C compile features
[0.197s] -- Detecting C compile features - done
[0.199s] -- Detecting CXX compiler ABI info
[0.252s] -- Detecting CXX compiler ABI info - done
[0.259s] -- Check for working CXX compiler: /usr/bin/c++ - skipped
[0.259s] -- Detecting CXX compile features
[0.260s] -- Detecting CXX compile features - done
[0.261s] -- Found ament_cmake: 1.3.10 (/opt/ros/humble/share/ament_cmake/cmake)
[0.541s] -- Found Python3: /usr/bin/python3 (found version "3.10.12") found components: Interpreter 
[0.599s] -- Found urdf: 2.6.0 (/opt/ros/humble/share/urdf/cmake)
[0.632s] -- Found ament_lint_auto: 0.12.11 (/opt/ros/humble/share/ament_lint_auto/cmake)
[0.682s] -- Added test 'copyright' to check source files copyright and LICENSE
[0.683s] -- Added test 'flake8' to check Python code syntax and style conventions
[0.684s] -- Added test 'lint_cmake' to check CMake code style
[0.684s] -- Added test 'pep257' to check Python code against some of the docstring style conventions in PEP 257
[0.685s] -- Added test 'xmllint' to check XML markup files
[0.685s] -- Configuring done
[0.687s] -- Generating done
[0.688s] -- Build files have been written to: /home/saeid/ros2_ws/build/box_bot_description
[0.693s] Invoked command in '/home/saeid/ros2_ws/build/box_bot_description' returned '0': CMAKE_PREFIX_PATH=${CMAKE_PREFIX_PATH}:/opt/ros/humble /usr/bin/cmake /home/saeid/ros2_ws/src/box_bot/box_bot_description -DCMAKE_INSTALL_PREFIX=/home/saeid/ros2_ws/install/box_bot_description
[0.693s] Invoking command in '/home/saeid/ros2_ws/build/box_bot_description': CMAKE_PREFIX_PATH=${CMAKE_PREFIX_PATH}:/opt/ros/humble /usr/bin/cmake --build /home/saeid/ros2_ws/build/box_bot_description -- -j16 -l16
[0.721s] Invoked command in '/home/saeid/ros2_ws/build/box_bot_description' returned '0': CMAKE_PREFIX_PATH=${CMAKE_PREFIX_PATH}:/opt/ros/humble /usr/bin/cmake --build /home/saeid/ros2_ws/build/box_bot_description -- -j16 -l16
[0.746s] Invoking command in '/home/saeid/ros2_ws/build/box_bot_description': CMAKE_PREFIX_PATH=${CMAKE_PREFIX_PATH}:/opt/ros/humble /usr/bin/cmake --install /home/saeid/ros2_ws/build/box_bot_description
[0.753s] -- Install configuration: ""
[0.753s] -- Installing: /home/saeid/ros2_ws/install/box_bot_description/share/box_bot_description//launch
[0.753s] -- Installing: /home/saeid/ros2_ws/install/box_bot_description/share/box_bot_description//launch/spawn_box_bot_launch.py
[0.753s] -- Installing: /home/saeid/ros2_ws/install/box_bot_description/share/box_bot_description//launch/spawn_robot_launch.py
[0.753s] -- Installing: /home/saeid/ros2_ws/install/box_bot_description/share/box_bot_description//launch/spawn_box_bot.py
[0.753s] -- Installing: /home/saeid/ros2_ws/install/box_bot_description/share/box_bot_description//launch/multi_spawn_robot_launch.py
[0.753s] -- Installing: /home/saeid/ros2_ws/install/box_bot_description/share/box_bot_description//launch/spawn_box_bot_v2.py
[0.753s] -- Installing: /home/saeid/ros2_ws/install/box_bot_description/share/box_bot_description//robot
[0.753s] -- Installing: /home/saeid/ros2_ws/install/box_bot_description/share/box_bot_description//robot/box_bot.xacro
[0.753s] -- Installing: /home/saeid/ros2_ws/install/box_bot_description/share/box_bot_description//robot/properties.xacro
[0.753s] -- Installing: /home/saeid/ros2_ws/install/box_bot_description/share/box_bot_description//robot/box_bot_propeller.xacro
[0.753s] -- Installing: /home/saeid/ros2_ws/install/box_bot_description/share/box_bot_description//robot/box_bot_body.xacro
[0.753s] -- Installing: /home/saeid/ros2_ws/install/box_bot_description/share/box_bot_description//robot/caster_wheels.xacro
[0.753s] -- Installing: /home/saeid/ros2_ws/install/box_bot_description/share/box_bot_description//robot/macros.xacro
[0.754s] -- Installing: /home/saeid/ros2_ws/install/box_bot_description/share/box_bot_description//robot/wheels.xacro
[0.754s] -- Installing: /home/saeid/ros2_ws/install/box_bot_description/share/box_bot_description//robot/box_bot.urdf
[0.754s] -- Installing: /home/saeid/ros2_ws/install/box_bot_description/share/box_bot_description//robot/materials.xacro
[0.754s] -- Installing: /home/saeid/ros2_ws/install/box_bot_description/share/box_bot_description//robot/box_bot.gazebo
[0.754s] -- Installing: /home/saeid/ros2_ws/install/box_bot_description/share/box_bot_description//robot/box_bot_v2.urdf
[0.754s] -- Installing: /home/saeid/ros2_ws/install/box_bot_description/lib/box_bot_description/spawn_box_bot.py
[0.754s] -- Installing: /home/saeid/ros2_ws/install/box_bot_description/lib/box_bot_description/spawn_box_bot_v2.py
[0.754s] -- Installing: /home/saeid/ros2_ws/install/box_bot_description/share/ament_index/resource_index/package_run_dependencies/box_bot_description
[0.754s] -- Installing: /home/saeid/ros2_ws/install/box_bot_description/share/ament_index/resource_index/parent_prefix_path/box_bot_description
[0.754s] -- Installing: /home/saeid/ros2_ws/install/box_bot_description/share/box_bot_description/environment/ament_prefix_path.sh
[0.754s] -- Installing: /home/saeid/ros2_ws/install/box_bot_description/share/box_bot_description/environment/ament_prefix_path.dsv
[0.754s] -- Installing: /home/saeid/ros2_ws/install/box_bot_description/share/box_bot_description/environment/path.sh
[0.754s] -- Installing: /home/saeid/ros2_ws/install/box_bot_description/share/box_bot_description/environment/path.dsv
[0.754s] -- Installing: /home/saeid/ros2_ws/install/box_bot_description/share/box_bot_description/local_setup.bash
[0.754s] -- Installing: /home/saeid/ros2_ws/install/box_bot_description/share/box_bot_description/local_setup.sh
[0.755s] -- Installing: /home/saeid/ros2_ws/install/box_bot_description/share/box_bot_description/local_setup.zsh
[0.755s] -- Installing: /home/saeid/ros2_ws/install/box_bot_description/share/box_bot_description/local_setup.dsv
[0.755s] -- Installing: /home/saeid/ros2_ws/install/box_bot_description/share/box_bot_description/package.dsv
[0.755s] -- Installing: /home/saeid/ros2_ws/install/box_bot_description/share/ament_index/resource_index/packages/box_bot_description
[0.755s] -- Installing: /home/saeid/ros2_ws/install/box_bot_description/share/box_bot_description/cmake/box_bot_descriptionConfig.cmake
[0.755s] -- Installing: /home/saeid/ros2_ws/install/box_bot_description/share/box_bot_description/cmake/box_bot_descriptionConfig-version.cmake
[0.755s] -- Installing: /home/saeid/ros2_ws/install/box_bot_description/share/box_bot_description/package.xml
[0.756s] Invoked command in '/home/saeid/ros2_ws/build/box_bot_description' returned '0': CMAKE_PREFIX_PATH=${CMAKE_PREFIX_PATH}:/opt/ros/humble /usr/bin/cmake --install /home/saeid/ros2_ws/build/box_bot_description
