[0.006s] Invoking command in '/home/saeid/ros2_ws/build/box_bot_gazebo': CMAKE_PREFIX_PATH=${CMAKE_PREFIX_PATH}:/opt/ros/humble /usr/bin/cmake /home/saeid/ros2_ws/src/box_bot/box_bot_gazebo -DCMAKE_INSTALL_PREFIX=/home/saeid/ros2_ws/install/box_bot_gazebo
[0.070s] -- The C compiler identification is GNU 11.4.0
[0.128s] -- The CXX compiler identification is GNU 11.4.0
[0.135s] -- Detecting C compiler ABI info
[0.197s] -- Detecting C compiler ABI info - done
[0.201s] -- Check for working C compiler: /usr/bin/cc - skipped
[0.202s] -- Detecting C compile features
[0.202s] -- Detecting C compile features - done
[0.205s] -- Detecting CXX compiler ABI info
[0.255s] -- Detecting CXX compiler ABI info - done
[0.259s] -- Check for working CXX compiler: /usr/bin/c++ - skipped
[0.259s] -- Detecting CXX compile features
[0.260s] -- Detecting CXX compile features - done
[0.266s] -- Found ament_cmake: 1.3.9 (/opt/ros/humble/share/ament_cmake/cmake)
[0.365s] -- Found Python3: /usr/bin/python3 (found version "3.10.12") found components: Interpreter 
[0.430s] -- Found rclcpp: 16.0.9 (/opt/ros/humble/share/rclcpp/cmake)
[0.463s] -- Found rosidl_generator_c: 3.1.5 (/opt/ros/humble/share/rosidl_generator_c/cmake)
[0.467s] -- Found rosidl_adapter: 3.1.5 (/opt/ros/humble/share/rosidl_adapter/cmake)
[0.474s] -- Found rosidl_generator_cpp: 3.1.5 (/opt/ros/humble/share/rosidl_generator_cpp/cmake)
[0.485s] -- Using all available rosidl_typesupport_c: rosidl_typesupport_fastrtps_c;rosidl_typesupport_introspection_c
[0.498s] -- Using all available rosidl_typesupport_cpp: rosidl_typesupport_fastrtps_cpp;rosidl_typesupport_introspection_cpp
[0.547s] -- Found rmw_implementation_cmake: 6.1.2 (/opt/ros/humble/share/rmw_implementation_cmake/cmake)
[0.548s] -- Found rmw_fastrtps_cpp: 6.2.6 (/opt/ros/humble/share/rmw_fastrtps_cpp/cmake)
[0.609s] -- Found OpenSSL: /usr/lib/x86_64-linux-gnu/libcrypto.so (found version "3.0.2")  
[0.628s] -- Found FastRTPS: /opt/ros/humble/include  
[0.657s] -- Using RMW implementation 'rmw_fastrtps_cpp' as default
[0.665s] -- Looking for pthread.h
[0.743s] -- Looking for pthread.h - found
[0.743s] -- Performing Test CMAKE_HAVE_LIBC_PTHREAD
[0.823s] -- Performing Test CMAKE_HAVE_LIBC_PTHREAD - Success
[0.824s] -- Found Threads: TRUE  
[0.943s] -- Found rclpy: 3.3.13 (/opt/ros/humble/share/rclpy/cmake)
[0.947s] [33mCMake Warning (dev) at /usr/share/cmake-3.22/Modules/FindPackageHandleStandardArgs.cmake:438 (message):
[0.947s]   The package name passed to `find_package_handle_standard_args` (PkgConfig)
[0.947s]   does not match the name of the calling package (gazebo).  This can lead to
[0.947s]   problems in calling code that expects `find_package` result variables
[0.947s]   (e.g., `_FOUND`) to follow a certain pattern.
[0.947s] Call Stack (most recent call first):
[0.947s]   /usr/share/cmake-3.22/Modules/FindPkgConfig.cmake:99 (find_package_handle_standard_args)
[0.947s]   /usr/lib/x86_64-linux-gnu/cmake/gazebo/gazebo-config.cmake:72 (include)
[0.947s]   CMakeLists.txt:26 (find_package)
[0.947s] This warning is for project developers.  Use -Wno-dev to suppress it.
[0.947s] [0m
[0.947s] -- Found PkgConfig: /usr/bin/pkg-config (found version "0.29.2") 
[0.948s] -- Checking for module 'bullet>=2.82'
[0.956s] --   Found bullet, version 3.05
[1.031s] -- Found fcl: /usr/include (found suitable version "0.7.0", minimum required is "0.5.0") 
[1.085s] -- Found assimp: /usr/include (found version "5.2.0") 
[1.107s] -- Found DART: /usr/include (Required is at least version "6.6") found components: dart 
[1.126s] -- Found Boost: /usr/lib/x86_64-linux-gnu/cmake/Boost-1.74.0/BoostConfig.cmake (found suitable version "1.74.0", minimum required is "1.40.0") found components: thread system filesystem program_options regex iostreams date_time 
[1.134s] -- Found Protobuf: /usr/lib/x86_64-linux-gnu/libprotobuf.so (found version "3.12.4") 
[1.137s] -- Looking for ignition-math6 -- found version 6.15.1
[1.143s] -- Searching for dependencies of ignition-math6
[1.144s] -- Looking for OGRE...
[1.144s] -- OGRE_PREFIX_WATCH changed.
[1.147s] -- Checking for module 'OGRE'
[1.154s] --   Found OGRE, version 1.9.0
[1.172s] -- Found Ogre Ghadamon (1.9.0)
[1.176s] -- Found OGRE: optimized;/usr/lib/x86_64-linux-gnu/libOgreMain.so;debug;/usr/lib/x86_64-linux-gnu/libOgreMain.so
[1.183s] -- Looking for OGRE_Paging...
[1.186s] -- Found OGRE_Paging: optimized;/usr/lib/x86_64-linux-gnu/libOgrePaging.so;debug;/usr/lib/x86_64-linux-gnu/libOgrePaging.so
[1.186s] -- Looking for OGRE_Terrain...
[1.189s] -- Found OGRE_Terrain: optimized;/usr/lib/x86_64-linux-gnu/libOgreTerrain.so;debug;/usr/lib/x86_64-linux-gnu/libOgreTerrain.so
[1.189s] -- Looking for OGRE_Property...
[1.191s] -- Found OGRE_Property: optimized;/usr/lib/x86_64-linux-gnu/libOgreProperty.so;debug;/usr/lib/x86_64-linux-gnu/libOgreProperty.so
[1.191s] -- Looking for OGRE_RTShaderSystem...
[1.194s] -- Found OGRE_RTShaderSystem: optimized;/usr/lib/x86_64-linux-gnu/libOgreRTShaderSystem.so;debug;/usr/lib/x86_64-linux-gnu/libOgreRTShaderSystem.so
[1.194s] -- Looking for OGRE_Volume...
[1.197s] -- Found OGRE_Volume: optimized;/usr/lib/x86_64-linux-gnu/libOgreVolume.so;debug;/usr/lib/x86_64-linux-gnu/libOgreVolume.so
[1.197s] -- Looking for OGRE_Overlay...
[1.199s] -- Found OGRE_Overlay: optimized;/usr/lib/x86_64-linux-gnu/libOgreOverlay.so;debug;/usr/lib/x86_64-linux-gnu/libOgreOverlay.so
[1.260s] -- Looking for ignition-math6 -- found version 6.15.1
[1.261s] -- Looking for ignition-transport8 -- found version 8.2.1
[1.261s] -- Searching for dependencies of ignition-transport8
[1.273s] -- Found Protobuf: /usr/lib/x86_64-linux-gnu/libprotobuf.so (found suitable version "3.12.4", minimum required is "3") 
[1.279s] -- Config-file not installed for ZeroMQ -- checking for pkg-config
[1.282s] -- Checking for module 'libzmq >= 4'
[1.290s] --   Found libzmq , version 4.3.4
[1.311s] -- Found ZeroMQ: TRUE (Required is at least version "4") 
[1.315s] -- Checking for module 'uuid'
[1.322s] --   Found uuid, version 2.37.2
[1.344s] -- Found UUID: TRUE  
[1.345s] -- Looking for ignition-msgs5 -- found version 5.8.1
[1.345s] -- Searching for dependencies of ignition-msgs5
[1.357s] -- Looking for ignition-math6 -- found version 6.15.1
[1.361s] -- Checking for module 'tinyxml2'
[1.369s] --   Found tinyxml2, version 9.0.0
[1.390s] -- Looking for ignition-msgs5 -- found version 5.8.1
[1.391s] -- Looking for ignition-common3 -- found version 3.14.0
[1.391s] -- Searching for dependencies of ignition-common3
[1.392s] -- Looking for dlfcn.h - found
[1.392s] -- Looking for libdl - found
[1.393s] -- Found DL: TRUE  
[1.400s] -- Found tinyobjloader: /usr/lib/x86_64-linux-gnu/cmake/tinyobjloader/tinyobjloader-config.cmake (found version "2.0.0") 
[1.400s] -- Searching for <ignition-common3> component [graphics]
[1.401s] -- Looking for ignition-common3-graphics -- found version 3.14.0
[1.401s] -- Searching for dependencies of ignition-common3-graphics
[1.401s] -- Looking for ignition-math6 -- found version 6.15.1
[1.403s] -- Looking for ignition-fuel_tools4 -- found version 4.4.0
[1.403s] -- Searching for dependencies of ignition-fuel_tools4
[1.474s] -- Found CURL: /usr/lib/x86_64-linux-gnu/libcurl.so (found version "7.81.0")  
[1.491s] -- Checking for module 'jsoncpp'
[1.516s] --   Found jsoncpp, version 1.9.5
[1.604s] -- Found JSONCPP: TRUE  
[1.618s] -- Checking for module 'libzip'
[1.632s] --   Found libzip, version 1.7.3
[1.719s] -- Found ZIP: TRUE  
[1.721s] -- Looking for ignition-common3 -- found version 3.14.0
[1.722s] -- Looking for ignition-math6 -- found version 6.15.1
[1.723s] -- Looking for ignition-msgs5 -- found version 5.8.1
[1.732s] -- Found ament_lint_auto: 0.12.11 (/opt/ros/humble/share/ament_lint_auto/cmake)
[1.791s] -- Added test 'copyright' to check source files copyright and LICENSE
[1.792s] -- Added test 'flake8' to check Python code syntax and style conventions
[1.792s] -- Added test 'lint_cmake' to check CMake code style
[1.792s] -- Added test 'pep257' to check Python code against some of the docstring style conventions in PEP 257
[1.793s] -- Added test 'xmllint' to check XML markup files
[1.794s] -- Configuring done
[1.796s] -- Generating done
[1.797s] -- Build files have been written to: /home/saeid/ros2_ws/build/box_bot_gazebo
[1.805s] Invoked command in '/home/saeid/ros2_ws/build/box_bot_gazebo' returned '0': CMAKE_PREFIX_PATH=${CMAKE_PREFIX_PATH}:/opt/ros/humble /usr/bin/cmake /home/saeid/ros2_ws/src/box_bot/box_bot_gazebo -DCMAKE_INSTALL_PREFIX=/home/saeid/ros2_ws/install/box_bot_gazebo
[1.806s] Invoking command in '/home/saeid/ros2_ws/build/box_bot_gazebo': CMAKE_PREFIX_PATH=${CMAKE_PREFIX_PATH}:/opt/ros/humble /usr/bin/cmake --build /home/saeid/ros2_ws/build/box_bot_gazebo -- -j16 -l16
[1.837s] Invoked command in '/home/saeid/ros2_ws/build/box_bot_gazebo' returned '0': CMAKE_PREFIX_PATH=${CMAKE_PREFIX_PATH}:/opt/ros/humble /usr/bin/cmake --build /home/saeid/ros2_ws/build/box_bot_gazebo -- -j16 -l16
[1.902s] Invoking command in '/home/saeid/ros2_ws/build/box_bot_gazebo': CMAKE_PREFIX_PATH=${CMAKE_PREFIX_PATH}:/opt/ros/humble /usr/bin/cmake --install /home/saeid/ros2_ws/build/box_bot_gazebo
[1.916s] -- Install configuration: ""
[1.916s] -- Installing: /home/saeid/ros2_ws/install/box_bot_gazebo/share/box_bot_gazebo//launch
[1.916s] -- Installing: /home/saeid/ros2_ws/install/box_bot_gazebo/share/box_bot_gazebo//launch/box_bot_launch.py
[1.916s] -- Installing: /home/saeid/ros2_ws/install/box_bot_gazebo/share/box_bot_gazebo//launch/start_world_launch.py
[1.916s] -- Installing: /home/saeid/ros2_ws/install/box_bot_gazebo/share/box_bot_gazebo//launch/multi_box_bot_launch.py
[1.917s] -- Installing: /home/saeid/ros2_ws/install/box_bot_gazebo/share/box_bot_gazebo//launch/robots_controller.py
[1.917s] -- Installing: /home/saeid/ros2_ws/install/box_bot_gazebo/share/box_bot_gazebo//worlds
[1.917s] -- Installing: /home/saeid/ros2_ws/install/box_bot_gazebo/share/box_bot_gazebo//worlds/box_bot_empty.world
[1.917s] -- Installing: /home/saeid/ros2_ws/install/box_bot_gazebo/share/ament_index/resource_index/package_run_dependencies/box_bot_gazebo
[1.917s] -- Installing: /home/saeid/ros2_ws/install/box_bot_gazebo/share/ament_index/resource_index/parent_prefix_path/box_bot_gazebo
[1.917s] -- Installing: /home/saeid/ros2_ws/install/box_bot_gazebo/share/box_bot_gazebo/environment/ament_prefix_path.sh
[1.917s] -- Installing: /home/saeid/ros2_ws/install/box_bot_gazebo/share/box_bot_gazebo/environment/ament_prefix_path.dsv
[1.917s] -- Installing: /home/saeid/ros2_ws/install/box_bot_gazebo/share/box_bot_gazebo/environment/path.sh
[1.917s] -- Installing: /home/saeid/ros2_ws/install/box_bot_gazebo/share/box_bot_gazebo/environment/path.dsv
[1.917s] -- Installing: /home/saeid/ros2_ws/install/box_bot_gazebo/share/box_bot_gazebo/local_setup.bash
[1.917s] -- Installing: /home/saeid/ros2_ws/install/box_bot_gazebo/share/box_bot_gazebo/local_setup.sh
[1.918s] -- Installing: /home/saeid/ros2_ws/install/box_bot_gazebo/share/box_bot_gazebo/local_setup.zsh
[1.918s] -- Installing: /home/saeid/ros2_ws/install/box_bot_gazebo/share/box_bot_gazebo/local_setup.dsv
[1.918s] -- Installing: /home/saeid/ros2_ws/install/box_bot_gazebo/share/box_bot_gazebo/package.dsv
[1.918s] -- Installing: /home/saeid/ros2_ws/install/box_bot_gazebo/share/ament_index/resource_index/packages/box_bot_gazebo
[1.918s] -- Installing: /home/saeid/ros2_ws/install/box_bot_gazebo/share/box_bot_gazebo/cmake/box_bot_gazeboConfig.cmake
[1.918s] -- Installing: /home/saeid/ros2_ws/install/box_bot_gazebo/share/box_bot_gazebo/cmake/box_bot_gazeboConfig-version.cmake
[1.918s] -- Installing: /home/saeid/ros2_ws/install/box_bot_gazebo/share/box_bot_gazebo/package.xml
[1.920s] Invoked command in '/home/saeid/ros2_ws/build/box_bot_gazebo' returned '0': CMAKE_PREFIX_PATH=${CMAKE_PREFIX_PATH}:/opt/ros/humble /usr/bin/cmake --install /home/saeid/ros2_ws/build/box_bot_gazebo
