[0.007s] Invoking command in '/home/saeid/ros2_ws/build/box_bot_gazebo': CMAKE_PREFIX_PATH=${CMAKE_PREFIX_PATH}:/opt/ros/humble /usr/bin/cmake --build /home/saeid/ros2_ws/build/box_bot_gazebo -- -j16 -l16
[0.050s] Invoked command in '/home/saeid/ros2_ws/build/box_bot_gazebo' returned '0': CMAKE_PREFIX_PATH=${CMAKE_PREFIX_PATH}:/opt/ros/humble /usr/bin/cmake --build /home/saeid/ros2_ws/build/box_bot_gazebo -- -j16 -l16
[0.090s] Invoking command in '/home/saeid/ros2_ws/build/box_bot_gazebo': CMAKE_PREFIX_PATH=${CMAKE_PREFIX_PATH}:/opt/ros/humble /usr/bin/cmake --install /home/saeid/ros2_ws/build/box_bot_gazebo
[0.095s] -- Install configuration: ""
[0.095s] -- Up-to-date: /home/saeid/ros2_ws/install/box_bot_gazebo/share/box_bot_gazebo//launch
[0.095s] -- Up-to-date: /home/saeid/ros2_ws/install/box_bot_gazebo/share/box_bot_gazebo//launch/box_bot_launch.py
[0.095s] -- Up-to-date: /home/saeid/ros2_ws/install/box_bot_gazebo/share/box_bot_gazebo//launch/start_world_launch.py
[0.095s] -- Up-to-date: /home/saeid/ros2_ws/install/box_bot_gazebo/share/box_bot_gazebo//launch/multi_box_bot_launch.py
[0.095s] -- Up-to-date: /home/saeid/ros2_ws/install/box_bot_gazebo/share/box_bot_gazebo//launch/.vscode
[0.095s] -- Up-to-date: /home/saeid/ros2_ws/install/box_bot_gazebo/share/box_bot_gazebo//launch/.vscode/settings.json
[0.096s] -- Up-to-date: /home/saeid/ros2_ws/install/box_bot_gazebo/share/box_bot_gazebo//launch/.vscode/c_cpp_properties.json
[0.096s] -- Installing: /home/saeid/ros2_ws/install/box_bot_gazebo/share/box_bot_gazebo//launch/robots_controller.py
[0.096s] -- Up-to-date: /home/saeid/ros2_ws/install/box_bot_gazebo/share/box_bot_gazebo//worlds
[0.096s] -- Up-to-date: /home/saeid/ros2_ws/install/box_bot_gazebo/share/box_bot_gazebo//worlds/box_bot_empty.world
[0.096s] -- Up-to-date: /home/saeid/ros2_ws/install/box_bot_gazebo/share/ament_index/resource_index/package_run_dependencies/box_bot_gazebo
[0.096s] -- Up-to-date: /home/saeid/ros2_ws/install/box_bot_gazebo/share/ament_index/resource_index/parent_prefix_path/box_bot_gazebo
[0.096s] -- Up-to-date: /home/saeid/ros2_ws/install/box_bot_gazebo/share/box_bot_gazebo/environment/ament_prefix_path.sh
[0.096s] -- Up-to-date: /home/saeid/ros2_ws/install/box_bot_gazebo/share/box_bot_gazebo/environment/ament_prefix_path.dsv
[0.096s] -- Up-to-date: /home/saeid/ros2_ws/install/box_bot_gazebo/share/box_bot_gazebo/environment/path.sh
[0.096s] -- Up-to-date: /home/saeid/ros2_ws/install/box_bot_gazebo/share/box_bot_gazebo/environment/path.dsv
[0.096s] -- Up-to-date: /home/saeid/ros2_ws/install/box_bot_gazebo/share/box_bot_gazebo/local_setup.bash
[0.096s] -- Up-to-date: /home/saeid/ros2_ws/install/box_bot_gazebo/share/box_bot_gazebo/local_setup.sh
[0.096s] -- Up-to-date: /home/saeid/ros2_ws/install/box_bot_gazebo/share/box_bot_gazebo/local_setup.zsh
[0.096s] -- Up-to-date: /home/saeid/ros2_ws/install/box_bot_gazebo/share/box_bot_gazebo/local_setup.dsv
[0.096s] -- Installing: /home/saeid/ros2_ws/install/box_bot_gazebo/share/box_bot_gazebo/package.dsv
[0.096s] -- Up-to-date: /home/saeid/ros2_ws/install/box_bot_gazebo/share/ament_index/resource_index/packages/box_bot_gazebo
[0.096s] -- Up-to-date: /home/saeid/ros2_ws/install/box_bot_gazebo/share/box_bot_gazebo/cmake/box_bot_gazeboConfig.cmake
[0.096s] -- Up-to-date: /home/saeid/ros2_ws/install/box_bot_gazebo/share/box_bot_gazebo/cmake/box_bot_gazeboConfig-version.cmake
[0.097s] -- Up-to-date: /home/saeid/ros2_ws/install/box_bot_gazebo/share/box_bot_gazebo/package.xml
[0.099s] Invoked command in '/home/saeid/ros2_ws/build/box_bot_gazebo' returned '0': CMAKE_PREFIX_PATH=${CMAKE_PREFIX_PATH}:/opt/ros/humble /usr/bin/cmake --install /home/saeid/ros2_ws/build/box_bot_gazebo
