[0.010s] Invoking command in '/home/saeid/ros2_ws/build/box_bot_description': CMAKE_PREFIX_PATH=/opt/ros/humble /usr/bin/cmake --build /home/saeid/ros2_ws/build/box_bot_description -- -j16 -l16
[0.059s] -- Found ament_cmake: 1.3.10 (/opt/ros/humble/share/ament_cmake/cmake)
[0.172s] -- Found urdf: 2.6.1 (/opt/ros/humble/share/urdf/cmake)
[0.200s] -- Found ament_lint_auto: 0.12.11 (/opt/ros/humble/share/ament_lint_auto/cmake)
[0.252s] -- Added test 'copyright' to check source files copyright and LICENSE
[0.254s] -- Added test 'flake8' to check Python code syntax and style conventions
[0.255s] -- Added test 'lint_cmake' to check CMake code style
[0.255s] -- Added test 'pep257' to check Python code against some of the docstring style conventions in PEP 257
[0.256s] -- Added test 'xmllint' to check XML markup files
[0.257s] -- Configuring done
[0.260s] -- Generating done
[0.261s] -- Build files have been written to: /home/saeid/ros2_ws/build/box_bot_description
[0.295s] Invoked command in '/home/saeid/ros2_ws/build/box_bot_description' returned '0': CMAKE_PREFIX_PATH=/opt/ros/humble /usr/bin/cmake --build /home/saeid/ros2_ws/build/box_bot_description -- -j16 -l16
[0.340s] Invoking command in '/home/saeid/ros2_ws/build/box_bot_description': CMAKE_PREFIX_PATH=/opt/ros/humble /usr/bin/cmake --install /home/saeid/ros2_ws/build/box_bot_description
[0.349s] -- Install configuration: ""
[0.349s] -- Up-to-date: /home/saeid/ros2_ws/install/box_bot_description/share/box_bot_description//launch
[0.349s] -- Up-to-date: /home/saeid/ros2_ws/install/box_bot_description/share/box_bot_description//launch/spawn_box_bot_launch.py
[0.349s] -- Up-to-date: /home/saeid/ros2_ws/install/box_bot_description/share/box_bot_description//launch/spawn_robot_launch.py
[0.350s] -- Up-to-date: /home/saeid/ros2_ws/install/box_bot_description/share/box_bot_description//launch/spawn_box_bot.py
[0.350s] -- Up-to-date: /home/saeid/ros2_ws/install/box_bot_description/share/box_bot_description//launch/multi_spawn_robot_launch.py
[0.350s] -- Up-to-date: /home/saeid/ros2_ws/install/box_bot_description/share/box_bot_description//launch/spawn_box_bot_v2.py
[0.350s] -- Up-to-date: /home/saeid/ros2_ws/install/box_bot_description/share/box_bot_description//robot
[0.350s] -- Up-to-date: /home/saeid/ros2_ws/install/box_bot_description/share/box_bot_description//robot/box_bot.xacro
[0.350s] -- Up-to-date: /home/saeid/ros2_ws/install/box_bot_description/share/box_bot_description//robot/properties.xacro
[0.350s] -- Up-to-date: /home/saeid/ros2_ws/install/box_bot_description/share/box_bot_description//robot/box_bot_propeller.xacro
[0.350s] -- Up-to-date: /home/saeid/ros2_ws/install/box_bot_description/share/box_bot_description//robot/box_bot_body.xacro
[0.350s] -- Up-to-date: /home/saeid/ros2_ws/install/box_bot_description/share/box_bot_description//robot/caster_wheels.xacro
[0.350s] -- Up-to-date: /home/saeid/ros2_ws/install/box_bot_description/share/box_bot_description//robot/macros.xacro
[0.350s] -- Up-to-date: /home/saeid/ros2_ws/install/box_bot_description/share/box_bot_description//robot/wheels.xacro
[0.350s] -- Up-to-date: /home/saeid/ros2_ws/install/box_bot_description/share/box_bot_description//robot/box_bot.urdf
[0.350s] -- Up-to-date: /home/saeid/ros2_ws/install/box_bot_description/share/box_bot_description//robot/materials.xacro
[0.350s] -- Up-to-date: /home/saeid/ros2_ws/install/box_bot_description/share/box_bot_description//robot/box_bot.gazebo
[0.350s] -- Up-to-date: /home/saeid/ros2_ws/install/box_bot_description/share/box_bot_description//robot/box_bot_v2.urdf
[0.350s] -- Up-to-date: /home/saeid/ros2_ws/install/box_bot_description/lib/box_bot_description/spawn_box_bot.py
[0.350s] -- Up-to-date: /home/saeid/ros2_ws/install/box_bot_description/lib/box_bot_description/spawn_box_bot_v2.py
[0.350s] -- Up-to-date: /home/saeid/ros2_ws/install/box_bot_description/share/ament_index/resource_index/package_run_dependencies/box_bot_description
[0.350s] -- Installing: /home/saeid/ros2_ws/install/box_bot_description/share/ament_index/resource_index/parent_prefix_path/box_bot_description
[0.350s] -- Up-to-date: /home/saeid/ros2_ws/install/box_bot_description/share/box_bot_description/environment/ament_prefix_path.sh
[0.350s] -- Installing: /home/saeid/ros2_ws/install/box_bot_description/share/box_bot_description/environment/ament_prefix_path.dsv
[0.350s] -- Up-to-date: /home/saeid/ros2_ws/install/box_bot_description/share/box_bot_description/environment/path.sh
[0.350s] -- Installing: /home/saeid/ros2_ws/install/box_bot_description/share/box_bot_description/environment/path.dsv
[0.351s] -- Up-to-date: /home/saeid/ros2_ws/install/box_bot_description/share/box_bot_description/local_setup.bash
[0.351s] -- Up-to-date: /home/saeid/ros2_ws/install/box_bot_description/share/box_bot_description/local_setup.sh
[0.351s] -- Up-to-date: /home/saeid/ros2_ws/install/box_bot_description/share/box_bot_description/local_setup.zsh
[0.351s] -- Installing: /home/saeid/ros2_ws/install/box_bot_description/share/box_bot_description/local_setup.dsv
[0.351s] -- Installing: /home/saeid/ros2_ws/install/box_bot_description/share/box_bot_description/package.dsv
[0.351s] -- Up-to-date: /home/saeid/ros2_ws/install/box_bot_description/share/ament_index/resource_index/packages/box_bot_description
[0.351s] -- Up-to-date: /home/saeid/ros2_ws/install/box_bot_description/share/box_bot_description/cmake/box_bot_descriptionConfig.cmake
[0.351s] -- Up-to-date: /home/saeid/ros2_ws/install/box_bot_description/share/box_bot_description/cmake/box_bot_descriptionConfig-version.cmake
[0.351s] -- Up-to-date: /home/saeid/ros2_ws/install/box_bot_description/share/box_bot_description/package.xml
[0.354s] Invoked command in '/home/saeid/ros2_ws/build/box_bot_description' returned '0': CMAKE_PREFIX_PATH=/opt/ros/humble /usr/bin/cmake --install /home/saeid/ros2_ws/build/box_bot_description
