[0.060s] DEBUG:colcon:Command line arguments: ['/usr/bin/colcon', 'build']
[0.060s] DEBUG:colcon:Parsed command line arguments: Namespace(log_base=None, log_level=None, verb_name='build', build_base='build', install_base='install', merge_install=False, symlink_install=False, test_result_base=None, continue_on_error=False, executor='parallel', parallel_workers=16, event_handlers=None, ignore_user_meta=False, metas=['./colcon.meta'], base_paths=['.'], packages_ignore=None, packages_ignore_regex=None, paths=None, packages_up_to=None, packages_up_to_regex=None, packages_above=None, packages_above_and_dependencies=None, packages_above_depth=None, packages_select_by_dep=None, packages_skip_by_dep=None, packages_skip_up_to=None, packages_select_build_failed=False, packages_skip_build_finished=False, packages_select_test_failures=False, packages_skip_test_passed=False, packages_select=None, packages_skip=None, packages_select_regex=None, packages_skip_regex=None, packages_start=None, packages_end=None, allow_overriding=[], cmake_args=None, cmake_target=None, cmake_target_skip_unavailable=False, cmake_clean_cache=False, cmake_clean_first=False, cmake_force_configure=False, ament_cmake_args=None, catkin_cmake_args=None, catkin_skip_building_tests=False, verb_parser=<colcon_defaults.argument_parser.defaults.DefaultArgumentsDecorator object at 0x71d43edcbee0>, verb_extension=<colcon_core.verb.build.BuildVerb object at 0x71d43ef10af0>, main=<bound method BuildVerb.main of <colcon_core.verb.build.BuildVerb object at 0x71d43ef10af0>>)
[0.145s] Level 1:colcon.colcon_core.package_discovery:discover_packages(colcon_meta) check parameters
[0.145s] Level 1:colcon.colcon_core.package_discovery:discover_packages(recursive) check parameters
[0.145s] Level 1:colcon.colcon_core.package_discovery:discover_packages(ignore) check parameters
[0.145s] Level 1:colcon.colcon_core.package_discovery:discover_packages(path) check parameters
[0.145s] Level 1:colcon.colcon_core.package_discovery:discover_packages(colcon_meta) discover
[0.145s] Level 1:colcon.colcon_core.package_discovery:discover_packages(recursive) discover
[0.146s] INFO:colcon.colcon_core.package_discovery:Crawling recursively for packages in '/home/saeid/ros2_ws'
[0.146s] Level 1:colcon.colcon_core.package_identification:_identify(.) by extensions ['ignore', 'ignore_ament_install']
[0.146s] Level 1:colcon.colcon_core.package_identification:_identify(.) by extension 'ignore'
[0.146s] Level 1:colcon.colcon_core.package_identification:_identify(.) by extension 'ignore_ament_install'
[0.146s] Level 1:colcon.colcon_core.package_identification:_identify(.) by extensions ['colcon_pkg']
[0.146s] Level 1:colcon.colcon_core.package_identification:_identify(.) by extension 'colcon_pkg'
[0.146s] Level 1:colcon.colcon_core.package_identification:_identify(.) by extensions ['colcon_meta']
[0.146s] Level 1:colcon.colcon_core.package_identification:_identify(.) by extension 'colcon_meta'
[0.146s] Level 1:colcon.colcon_core.package_identification:_identify(.) by extensions ['ros']
[0.146s] Level 1:colcon.colcon_core.package_identification:_identify(.) by extension 'ros'
[0.153s] Level 1:colcon.colcon_core.package_identification:_identify(.) by extensions ['cmake', 'python']
[0.153s] Level 1:colcon.colcon_core.package_identification:_identify(.) by extension 'cmake'
[0.153s] Level 1:colcon.colcon_core.package_identification:_identify(.) by extension 'python'
[0.153s] Level 1:colcon.colcon_core.package_identification:_identify(.) by extensions ['python_setup_py']
[0.153s] Level 1:colcon.colcon_core.package_identification:_identify(.) by extension 'python_setup_py'
[0.153s] Level 1:colcon.colcon_core.package_identification:_identify(build) by extensions ['ignore', 'ignore_ament_install']
[0.153s] Level 1:colcon.colcon_core.package_identification:_identify(build) by extension 'ignore'
[0.153s] Level 1:colcon.colcon_core.package_identification:_identify(build) ignored
[0.153s] Level 1:colcon.colcon_core.package_identification:_identify(install) by extensions ['ignore', 'ignore_ament_install']
[0.153s] Level 1:colcon.colcon_core.package_identification:_identify(install) by extension 'ignore'
[0.153s] Level 1:colcon.colcon_core.package_identification:_identify(install) ignored
[0.153s] Level 1:colcon.colcon_core.package_identification:_identify(log) by extensions ['ignore', 'ignore_ament_install']
[0.153s] Level 1:colcon.colcon_core.package_identification:_identify(log) by extension 'ignore'
[0.153s] Level 1:colcon.colcon_core.package_identification:_identify(log) ignored
[0.153s] Level 1:colcon.colcon_core.package_identification:_identify(src) by extensions ['ignore', 'ignore_ament_install']
[0.153s] Level 1:colcon.colcon_core.package_identification:_identify(src) by extension 'ignore'
[0.153s] Level 1:colcon.colcon_core.package_identification:_identify(src) by extension 'ignore_ament_install'
[0.153s] Level 1:colcon.colcon_core.package_identification:_identify(src) by extensions ['colcon_pkg']
[0.153s] Level 1:colcon.colcon_core.package_identification:_identify(src) by extension 'colcon_pkg'
[0.153s] Level 1:colcon.colcon_core.package_identification:_identify(src) by extensions ['colcon_meta']
[0.153s] Level 1:colcon.colcon_core.package_identification:_identify(src) by extension 'colcon_meta'
[0.153s] Level 1:colcon.colcon_core.package_identification:_identify(src) by extensions ['ros']
[0.153s] Level 1:colcon.colcon_core.package_identification:_identify(src) by extension 'ros'
[0.154s] Level 1:colcon.colcon_core.package_identification:_identify(src) by extensions ['cmake', 'python']
[0.154s] Level 1:colcon.colcon_core.package_identification:_identify(src) by extension 'cmake'
[0.154s] Level 1:colcon.colcon_core.package_identification:_identify(src) by extension 'python'
[0.154s] Level 1:colcon.colcon_core.package_identification:_identify(src) by extensions ['python_setup_py']
[0.154s] Level 1:colcon.colcon_core.package_identification:_identify(src) by extension 'python_setup_py'
[0.154s] Level 1:colcon.colcon_core.package_identification:_identify(src/box_bot) by extensions ['ignore', 'ignore_ament_install']
[0.154s] Level 1:colcon.colcon_core.package_identification:_identify(src/box_bot) by extension 'ignore'
[0.154s] Level 1:colcon.colcon_core.package_identification:_identify(src/box_bot) by extension 'ignore_ament_install'
[0.154s] Level 1:colcon.colcon_core.package_identification:_identify(src/box_bot) by extensions ['colcon_pkg']
[0.154s] Level 1:colcon.colcon_core.package_identification:_identify(src/box_bot) by extension 'colcon_pkg'
[0.154s] Level 1:colcon.colcon_core.package_identification:_identify(src/box_bot) by extensions ['colcon_meta']
[0.154s] Level 1:colcon.colcon_core.package_identification:_identify(src/box_bot) by extension 'colcon_meta'
[0.154s] Level 1:colcon.colcon_core.package_identification:_identify(src/box_bot) by extensions ['ros']
[0.154s] Level 1:colcon.colcon_core.package_identification:_identify(src/box_bot) by extension 'ros'
[0.154s] Level 1:colcon.colcon_core.package_identification:_identify(src/box_bot) by extensions ['cmake', 'python']
[0.154s] Level 1:colcon.colcon_core.package_identification:_identify(src/box_bot) by extension 'cmake'
[0.154s] Level 1:colcon.colcon_core.package_identification:_identify(src/box_bot) by extension 'python'
[0.154s] Level 1:colcon.colcon_core.package_identification:_identify(src/box_bot) by extensions ['python_setup_py']
[0.154s] Level 1:colcon.colcon_core.package_identification:_identify(src/box_bot) by extension 'python_setup_py'
[0.154s] Level 1:colcon.colcon_core.package_identification:_identify(src/box_bot/Docs) by extensions ['ignore', 'ignore_ament_install']
[0.154s] Level 1:colcon.colcon_core.package_identification:_identify(src/box_bot/Docs) by extension 'ignore'
[0.154s] Level 1:colcon.colcon_core.package_identification:_identify(src/box_bot/Docs) by extension 'ignore_ament_install'
[0.154s] Level 1:colcon.colcon_core.package_identification:_identify(src/box_bot/Docs) by extensions ['colcon_pkg']
[0.154s] Level 1:colcon.colcon_core.package_identification:_identify(src/box_bot/Docs) by extension 'colcon_pkg'
[0.154s] Level 1:colcon.colcon_core.package_identification:_identify(src/box_bot/Docs) by extensions ['colcon_meta']
[0.154s] Level 1:colcon.colcon_core.package_identification:_identify(src/box_bot/Docs) by extension 'colcon_meta'
[0.154s] Level 1:colcon.colcon_core.package_identification:_identify(src/box_bot/Docs) by extensions ['ros']
[0.154s] Level 1:colcon.colcon_core.package_identification:_identify(src/box_bot/Docs) by extension 'ros'
[0.154s] Level 1:colcon.colcon_core.package_identification:_identify(src/box_bot/Docs) by extensions ['cmake', 'python']
[0.154s] Level 1:colcon.colcon_core.package_identification:_identify(src/box_bot/Docs) by extension 'cmake'
[0.154s] Level 1:colcon.colcon_core.package_identification:_identify(src/box_bot/Docs) by extension 'python'
[0.154s] Level 1:colcon.colcon_core.package_identification:_identify(src/box_bot/Docs) by extensions ['python_setup_py']
[0.154s] Level 1:colcon.colcon_core.package_identification:_identify(src/box_bot/Docs) by extension 'python_setup_py'
[0.154s] Level 1:colcon.colcon_core.package_identification:_identify(src/box_bot/box_bot_controller) by extensions ['ignore', 'ignore_ament_install']
[0.154s] Level 1:colcon.colcon_core.package_identification:_identify(src/box_bot/box_bot_controller) by extension 'ignore'
[0.154s] Level 1:colcon.colcon_core.package_identification:_identify(src/box_bot/box_bot_controller) by extension 'ignore_ament_install'
[0.154s] Level 1:colcon.colcon_core.package_identification:_identify(src/box_bot/box_bot_controller) by extensions ['colcon_pkg']
[0.154s] Level 1:colcon.colcon_core.package_identification:_identify(src/box_bot/box_bot_controller) by extension 'colcon_pkg'
[0.154s] Level 1:colcon.colcon_core.package_identification:_identify(src/box_bot/box_bot_controller) by extensions ['colcon_meta']
[0.154s] Level 1:colcon.colcon_core.package_identification:_identify(src/box_bot/box_bot_controller) by extension 'colcon_meta'
[0.154s] Level 1:colcon.colcon_core.package_identification:_identify(src/box_bot/box_bot_controller) by extensions ['ros']
[0.155s] Level 1:colcon.colcon_core.package_identification:_identify(src/box_bot/box_bot_controller) by extension 'ros'
[0.155s] Level 1:colcon.colcon_core.package_identification:_identify(src/box_bot/box_bot_controller) by extensions ['cmake', 'python']
[0.155s] Level 1:colcon.colcon_core.package_identification:_identify(src/box_bot/box_bot_controller) by extension 'cmake'
[0.155s] Level 1:colcon.colcon_core.package_identification:_identify(src/box_bot/box_bot_controller) by extension 'python'
[0.155s] Level 1:colcon.colcon_core.package_identification:_identify(src/box_bot/box_bot_controller) by extensions ['python_setup_py']
[0.155s] Level 1:colcon.colcon_core.package_identification:_identify(src/box_bot/box_bot_controller) by extension 'python_setup_py'
[0.155s] Level 1:colcon.colcon_core.package_identification:_identify(src/box_bot/box_bot_description) by extensions ['ignore', 'ignore_ament_install']
[0.155s] Level 1:colcon.colcon_core.package_identification:_identify(src/box_bot/box_bot_description) by extension 'ignore'
[0.155s] Level 1:colcon.colcon_core.package_identification:_identify(src/box_bot/box_bot_description) by extension 'ignore_ament_install'
[0.155s] Level 1:colcon.colcon_core.package_identification:_identify(src/box_bot/box_bot_description) by extensions ['colcon_pkg']
[0.155s] Level 1:colcon.colcon_core.package_identification:_identify(src/box_bot/box_bot_description) by extension 'colcon_pkg'
[0.155s] Level 1:colcon.colcon_core.package_identification:_identify(src/box_bot/box_bot_description) by extensions ['colcon_meta']
[0.155s] Level 1:colcon.colcon_core.package_identification:_identify(src/box_bot/box_bot_description) by extension 'colcon_meta'
[0.155s] Level 1:colcon.colcon_core.package_identification:_identify(src/box_bot/box_bot_description) by extensions ['ros']
[0.155s] Level 1:colcon.colcon_core.package_identification:_identify(src/box_bot/box_bot_description) by extension 'ros'
[0.156s] DEBUG:colcon.colcon_core.package_identification:Package 'src/box_bot/box_bot_description' with type 'ros.ament_cmake' and name 'box_bot_description'
[0.156s] Level 1:colcon.colcon_core.package_identification:_identify(src/box_bot/box_bot_gazebo) by extensions ['ignore', 'ignore_ament_install']
[0.156s] Level 1:colcon.colcon_core.package_identification:_identify(src/box_bot/box_bot_gazebo) by extension 'ignore'
[0.157s] Level 1:colcon.colcon_core.package_identification:_identify(src/box_bot/box_bot_gazebo) by extension 'ignore_ament_install'
[0.157s] Level 1:colcon.colcon_core.package_identification:_identify(src/box_bot/box_bot_gazebo) by extensions ['colcon_pkg']
[0.157s] Level 1:colcon.colcon_core.package_identification:_identify(src/box_bot/box_bot_gazebo) by extension 'colcon_pkg'
[0.157s] Level 1:colcon.colcon_core.package_identification:_identify(src/box_bot/box_bot_gazebo) by extensions ['colcon_meta']
[0.157s] Level 1:colcon.colcon_core.package_identification:_identify(src/box_bot/box_bot_gazebo) by extension 'colcon_meta'
[0.157s] Level 1:colcon.colcon_core.package_identification:_identify(src/box_bot/box_bot_gazebo) by extensions ['ros']
[0.157s] Level 1:colcon.colcon_core.package_identification:_identify(src/box_bot/box_bot_gazebo) by extension 'ros'
[0.158s] DEBUG:colcon.colcon_core.package_identification:Package 'src/box_bot/box_bot_gazebo' with type 'ros.ament_cmake' and name 'box_bot_gazebo'
[0.158s] Level 1:colcon.colcon_core.package_discovery:discover_packages(recursive) using defaults
[0.158s] Level 1:colcon.colcon_core.package_discovery:discover_packages(ignore) discover
[0.158s] Level 1:colcon.colcon_core.package_discovery:discover_packages(ignore) using defaults
[0.158s] Level 1:colcon.colcon_core.package_discovery:discover_packages(path) discover
[0.158s] Level 1:colcon.colcon_core.package_discovery:discover_packages(path) using defaults
[0.170s] Level 1:colcon.colcon_core.package_discovery:discover_packages(prefix_path) check parameters
[0.170s] Level 1:colcon.colcon_core.package_discovery:discover_packages(prefix_path) discover
[0.170s] WARNING:colcon.colcon_ros.prefix_path.ament:The path '/home/saeid/ros2_ws/install/box_bot_description' in the environment variable AMENT_PREFIX_PATH doesn't exist
[0.171s] WARNING:colcon.colcon_ros.prefix_path.catkin:The path '/home/saeid/ros2_ws/install/box_bot_description' in the environment variable CMAKE_PREFIX_PATH doesn't exist
[0.171s] DEBUG:colcon.colcon_installed_package_information.package_discovery:Found 0 installed packages in /home/saeid/ros2_ws/install
[0.172s] DEBUG:colcon.colcon_installed_package_information.package_discovery:Found 271 installed packages in /opt/ros/humble
[0.172s] Level 1:colcon.colcon_core.package_discovery:discover_packages(prefix_path) using defaults
[0.200s] Level 5:colcon.colcon_core.verb:set package 'box_bot_description' build argument 'cmake_args' from command line to 'None'
[0.200s] Level 5:colcon.colcon_core.verb:set package 'box_bot_description' build argument 'cmake_target' from command line to 'None'
[0.200s] Level 5:colcon.colcon_core.verb:set package 'box_bot_description' build argument 'cmake_target_skip_unavailable' from command line to 'False'
[0.200s] Level 5:colcon.colcon_core.verb:set package 'box_bot_description' build argument 'cmake_clean_cache' from command line to 'False'
[0.200s] Level 5:colcon.colcon_core.verb:set package 'box_bot_description' build argument 'cmake_clean_first' from command line to 'False'
[0.200s] Level 5:colcon.colcon_core.verb:set package 'box_bot_description' build argument 'cmake_force_configure' from command line to 'False'
[0.200s] Level 5:colcon.colcon_core.verb:set package 'box_bot_description' build argument 'ament_cmake_args' from command line to 'None'
[0.200s] Level 5:colcon.colcon_core.verb:set package 'box_bot_description' build argument 'catkin_cmake_args' from command line to 'None'
[0.200s] Level 5:colcon.colcon_core.verb:set package 'box_bot_description' build argument 'catkin_skip_building_tests' from command line to 'False'
[0.200s] DEBUG:colcon.colcon_core.verb:Building package 'box_bot_description' with the following arguments: {'ament_cmake_args': None, 'build_base': '/home/saeid/ros2_ws/build/box_bot_description', 'catkin_cmake_args': None, 'catkin_skip_building_tests': False, 'cmake_args': None, 'cmake_clean_cache': False, 'cmake_clean_first': False, 'cmake_force_configure': False, 'cmake_target': None, 'cmake_target_skip_unavailable': False, 'install_base': '/home/saeid/ros2_ws/install/box_bot_description', 'merge_install': False, 'path': '/home/saeid/ros2_ws/src/box_bot/box_bot_description', 'symlink_install': False, 'test_result_base': None}
[0.200s] Level 5:colcon.colcon_core.verb:set package 'box_bot_gazebo' build argument 'cmake_args' from command line to 'None'
[0.200s] Level 5:colcon.colcon_core.verb:set package 'box_bot_gazebo' build argument 'cmake_target' from command line to 'None'
[0.200s] Level 5:colcon.colcon_core.verb:set package 'box_bot_gazebo' build argument 'cmake_target_skip_unavailable' from command line to 'False'
[0.200s] Level 5:colcon.colcon_core.verb:set package 'box_bot_gazebo' build argument 'cmake_clean_cache' from command line to 'False'
[0.200s] Level 5:colcon.colcon_core.verb:set package 'box_bot_gazebo' build argument 'cmake_clean_first' from command line to 'False'
[0.200s] Level 5:colcon.colcon_core.verb:set package 'box_bot_gazebo' build argument 'cmake_force_configure' from command line to 'False'
[0.200s] Level 5:colcon.colcon_core.verb:set package 'box_bot_gazebo' build argument 'ament_cmake_args' from command line to 'None'
[0.200s] Level 5:colcon.colcon_core.verb:set package 'box_bot_gazebo' build argument 'catkin_cmake_args' from command line to 'None'
[0.200s] Level 5:colcon.colcon_core.verb:set package 'box_bot_gazebo' build argument 'catkin_skip_building_tests' from command line to 'False'
[0.200s] DEBUG:colcon.colcon_core.verb:Building package 'box_bot_gazebo' with the following arguments: {'ament_cmake_args': None, 'build_base': '/home/saeid/ros2_ws/build/box_bot_gazebo', 'catkin_cmake_args': None, 'catkin_skip_building_tests': False, 'cmake_args': None, 'cmake_clean_cache': False, 'cmake_clean_first': False, 'cmake_force_configure': False, 'cmake_target': None, 'cmake_target_skip_unavailable': False, 'install_base': '/home/saeid/ros2_ws/install/box_bot_gazebo', 'merge_install': False, 'path': '/home/saeid/ros2_ws/src/box_bot/box_bot_gazebo', 'symlink_install': False, 'test_result_base': None}
[0.200s] INFO:colcon.colcon_core.executor:Executing jobs using 'parallel' executor
[0.201s] DEBUG:colcon.colcon_parallel_executor.executor.parallel:run_until_complete
[0.201s] INFO:colcon.colcon_ros.task.ament_cmake.build:Building ROS package in '/home/saeid/ros2_ws/src/box_bot/box_bot_description' with build type 'ament_cmake'
[0.201s] INFO:colcon.colcon_cmake.task.cmake.build:Building CMake package in '/home/saeid/ros2_ws/src/box_bot/box_bot_description'
[0.202s] INFO:colcon.colcon_core.plugin_system:Skipping extension 'colcon_core.shell.bat': Not used on non-Windows systems
[0.202s] INFO:colcon.colcon_core.shell:Skip shell extension 'powershell' for command environment: Not usable outside of PowerShell
[0.202s] DEBUG:colcon.colcon_core.shell:Skip shell extension 'dsv' for command environment
[0.204s] INFO:colcon.colcon_ros.task.ament_cmake.build:Building ROS package in '/home/saeid/ros2_ws/src/box_bot/box_bot_gazebo' with build type 'ament_cmake'
[0.204s] INFO:colcon.colcon_cmake.task.cmake.build:Building CMake package in '/home/saeid/ros2_ws/src/box_bot/box_bot_gazebo'
[0.205s] INFO:colcon.colcon_core.shell:Skip shell extension 'powershell' for command environment: Not usable outside of PowerShell
[0.205s] DEBUG:colcon.colcon_core.shell:Skip shell extension 'dsv' for command environment
[0.209s] DEBUG:colcon.colcon_core.event_handler.log_command:Invoking command in '/home/saeid/ros2_ws/build/box_bot_description': CMAKE_PREFIX_PATH=${CMAKE_PREFIX_PATH}:/opt/ros/humble /usr/bin/cmake /home/saeid/ros2_ws/src/box_bot/box_bot_description -DCMAKE_INSTALL_PREFIX=/home/saeid/ros2_ws/install/box_bot_description
[0.211s] DEBUG:colcon.colcon_core.event_handler.log_command:Invoking command in '/home/saeid/ros2_ws/build/box_bot_gazebo': CMAKE_PREFIX_PATH=${CMAKE_PREFIX_PATH}:/opt/ros/humble /usr/bin/cmake /home/saeid/ros2_ws/src/box_bot/box_bot_gazebo -DCMAKE_INSTALL_PREFIX=/home/saeid/ros2_ws/install/box_bot_gazebo
[0.734s] DEBUG:colcon.colcon_core.event_handler.log_command:Invoked command in '/home/saeid/ros2_ws/build/box_bot_description' returned '0': CMAKE_PREFIX_PATH=${CMAKE_PREFIX_PATH}:/opt/ros/humble /usr/bin/cmake /home/saeid/ros2_ws/src/box_bot/box_bot_description -DCMAKE_INSTALL_PREFIX=/home/saeid/ros2_ws/install/box_bot_description
[0.735s] DEBUG:colcon.colcon_core.event_handler.log_command:Invoking command in '/home/saeid/ros2_ws/build/box_bot_description': CMAKE_PREFIX_PATH=${CMAKE_PREFIX_PATH}:/opt/ros/humble /usr/bin/cmake --build /home/saeid/ros2_ws/build/box_bot_description -- -j16 -l16
[0.758s] DEBUG:colcon.colcon_core.event_handler.log_command:Invoked command in '/home/saeid/ros2_ws/build/box_bot_description' returned '0': CMAKE_PREFIX_PATH=${CMAKE_PREFIX_PATH}:/opt/ros/humble /usr/bin/cmake --build /home/saeid/ros2_ws/build/box_bot_description -- -j16 -l16
[0.776s] DEBUG:colcon.colcon_core.event_handler.log_command:Invoking command in '/home/saeid/ros2_ws/build/box_bot_description': CMAKE_PREFIX_PATH=${CMAKE_PREFIX_PATH}:/opt/ros/humble /usr/bin/cmake --install /home/saeid/ros2_ws/build/box_bot_description
[0.782s] Level 1:colcon.colcon_core.environment:create_environment_scripts_only(box_bot_description)
[0.782s] DEBUG:colcon.colcon_core.event_handler.log_command:Invoked command in '/home/saeid/ros2_ws/build/box_bot_description' returned '0': CMAKE_PREFIX_PATH=${CMAKE_PREFIX_PATH}:/opt/ros/humble /usr/bin/cmake --install /home/saeid/ros2_ws/build/box_bot_description
[0.784s] Level 1:colcon.colcon_core.environment:checking '/home/saeid/ros2_ws/install/box_bot_description' for CMake module files
[0.784s] Level 1:colcon.colcon_core.environment:checking '/home/saeid/ros2_ws/install/box_bot_description' for CMake config files
[0.784s] Level 1:colcon.colcon_core.shell:create_environment_hook('box_bot_description', 'cmake_prefix_path')
[0.784s] INFO:colcon.colcon_core.shell:Creating environment hook '/home/saeid/ros2_ws/install/box_bot_description/share/box_bot_description/hook/cmake_prefix_path.ps1'
[0.784s] INFO:colcon.colcon_core.shell:Creating environment descriptor '/home/saeid/ros2_ws/install/box_bot_description/share/box_bot_description/hook/cmake_prefix_path.dsv'
[0.785s] INFO:colcon.colcon_core.shell:Creating environment hook '/home/saeid/ros2_ws/install/box_bot_description/share/box_bot_description/hook/cmake_prefix_path.sh'
[0.785s] Level 1:colcon.colcon_core.environment:checking '/home/saeid/ros2_ws/install/box_bot_description/lib'
[0.785s] Level 1:colcon.colcon_core.environment:checking '/home/saeid/ros2_ws/install/box_bot_description/bin'
[0.785s] Level 1:colcon.colcon_core.environment:checking '/home/saeid/ros2_ws/install/box_bot_description/lib/pkgconfig/box_bot_description.pc'
[0.785s] Level 1:colcon.colcon_core.environment:checking '/home/saeid/ros2_ws/install/box_bot_description/lib/python3.10/site-packages'
[0.786s] Level 1:colcon.colcon_core.environment:checking '/home/saeid/ros2_ws/install/box_bot_description/bin'
[0.786s] INFO:colcon.colcon_core.shell:Creating package script '/home/saeid/ros2_ws/install/box_bot_description/share/box_bot_description/package.ps1'
[0.786s] INFO:colcon.colcon_core.shell:Creating package descriptor '/home/saeid/ros2_ws/install/box_bot_description/share/box_bot_description/package.dsv'
[0.786s] INFO:colcon.colcon_core.shell:Creating package script '/home/saeid/ros2_ws/install/box_bot_description/share/box_bot_description/package.sh'
[0.787s] INFO:colcon.colcon_core.shell:Creating package script '/home/saeid/ros2_ws/install/box_bot_description/share/box_bot_description/package.bash'
[0.787s] INFO:colcon.colcon_core.shell:Creating package script '/home/saeid/ros2_ws/install/box_bot_description/share/box_bot_description/package.zsh'
[0.787s] Level 1:colcon.colcon_core.environment:create_file_with_runtime_dependencies(/home/saeid/ros2_ws/install/box_bot_description/share/colcon-core/packages/box_bot_description)
[0.800s] Level 1:colcon.colcon_core.environment:create_environment_scripts_only(box_bot_description)
[0.801s] Level 1:colcon.colcon_core.environment:checking '/home/saeid/ros2_ws/install/box_bot_description' for CMake module files
[0.801s] Level 1:colcon.colcon_core.environment:checking '/home/saeid/ros2_ws/install/box_bot_description' for CMake config files
[0.802s] Level 1:colcon.colcon_core.shell:create_environment_hook('box_bot_description', 'cmake_prefix_path')
[0.802s] INFO:colcon.colcon_core.shell:Creating environment hook '/home/saeid/ros2_ws/install/box_bot_description/share/box_bot_description/hook/cmake_prefix_path.ps1'
[0.802s] INFO:colcon.colcon_core.shell:Creating environment descriptor '/home/saeid/ros2_ws/install/box_bot_description/share/box_bot_description/hook/cmake_prefix_path.dsv'
[0.803s] INFO:colcon.colcon_core.shell:Creating environment hook '/home/saeid/ros2_ws/install/box_bot_description/share/box_bot_description/hook/cmake_prefix_path.sh'
[0.803s] Level 1:colcon.colcon_core.environment:checking '/home/saeid/ros2_ws/install/box_bot_description/lib'
[0.803s] Level 1:colcon.colcon_core.environment:checking '/home/saeid/ros2_ws/install/box_bot_description/bin'
[0.803s] Level 1:colcon.colcon_core.environment:checking '/home/saeid/ros2_ws/install/box_bot_description/lib/pkgconfig/box_bot_description.pc'
[0.803s] Level 1:colcon.colcon_core.environment:checking '/home/saeid/ros2_ws/install/box_bot_description/lib/python3.10/site-packages'
[0.803s] Level 1:colcon.colcon_core.environment:checking '/home/saeid/ros2_ws/install/box_bot_description/bin'
[0.804s] INFO:colcon.colcon_core.shell:Creating package script '/home/saeid/ros2_ws/install/box_bot_description/share/box_bot_description/package.ps1'
[0.804s] INFO:colcon.colcon_core.shell:Creating package descriptor '/home/saeid/ros2_ws/install/box_bot_description/share/box_bot_description/package.dsv'
[0.804s] INFO:colcon.colcon_core.shell:Creating package script '/home/saeid/ros2_ws/install/box_bot_description/share/box_bot_description/package.sh'
[0.804s] INFO:colcon.colcon_core.shell:Creating package script '/home/saeid/ros2_ws/install/box_bot_description/share/box_bot_description/package.bash'
[0.804s] INFO:colcon.colcon_core.shell:Creating package script '/home/saeid/ros2_ws/install/box_bot_description/share/box_bot_description/package.zsh'
[0.805s] Level 1:colcon.colcon_core.environment:create_file_with_runtime_dependencies(/home/saeid/ros2_ws/install/box_bot_description/share/colcon-core/packages/box_bot_description)
[2.009s] DEBUG:colcon.colcon_core.event_handler.log_command:Invoked command in '/home/saeid/ros2_ws/build/box_bot_gazebo' returned '0': CMAKE_PREFIX_PATH=${CMAKE_PREFIX_PATH}:/opt/ros/humble /usr/bin/cmake /home/saeid/ros2_ws/src/box_bot/box_bot_gazebo -DCMAKE_INSTALL_PREFIX=/home/saeid/ros2_ws/install/box_bot_gazebo
[2.010s] DEBUG:colcon.colcon_core.event_handler.log_command:Invoking command in '/home/saeid/ros2_ws/build/box_bot_gazebo': CMAKE_PREFIX_PATH=${CMAKE_PREFIX_PATH}:/opt/ros/humble /usr/bin/cmake --build /home/saeid/ros2_ws/build/box_bot_gazebo -- -j16 -l16
[2.042s] DEBUG:colcon.colcon_core.event_handler.log_command:Invoked command in '/home/saeid/ros2_ws/build/box_bot_gazebo' returned '0': CMAKE_PREFIX_PATH=${CMAKE_PREFIX_PATH}:/opt/ros/humble /usr/bin/cmake --build /home/saeid/ros2_ws/build/box_bot_gazebo -- -j16 -l16
[2.107s] DEBUG:colcon.colcon_core.event_handler.log_command:Invoking command in '/home/saeid/ros2_ws/build/box_bot_gazebo': CMAKE_PREFIX_PATH=${CMAKE_PREFIX_PATH}:/opt/ros/humble /usr/bin/cmake --install /home/saeid/ros2_ws/build/box_bot_gazebo
[2.124s] Level 1:colcon.colcon_core.environment:create_environment_scripts_only(box_bot_gazebo)
[2.124s] Level 1:colcon.colcon_core.environment:checking '/home/saeid/ros2_ws/install/box_bot_gazebo' for CMake module files
[2.124s] DEBUG:colcon.colcon_core.event_handler.log_command:Invoked command in '/home/saeid/ros2_ws/build/box_bot_gazebo' returned '0': CMAKE_PREFIX_PATH=${CMAKE_PREFIX_PATH}:/opt/ros/humble /usr/bin/cmake --install /home/saeid/ros2_ws/build/box_bot_gazebo
[2.125s] Level 1:colcon.colcon_core.environment:checking '/home/saeid/ros2_ws/install/box_bot_gazebo' for CMake config files
[2.125s] Level 1:colcon.colcon_core.shell:create_environment_hook('box_bot_gazebo', 'cmake_prefix_path')
[2.125s] INFO:colcon.colcon_core.shell:Creating environment hook '/home/saeid/ros2_ws/install/box_bot_gazebo/share/box_bot_gazebo/hook/cmake_prefix_path.ps1'
[2.125s] INFO:colcon.colcon_core.shell:Creating environment descriptor '/home/saeid/ros2_ws/install/box_bot_gazebo/share/box_bot_gazebo/hook/cmake_prefix_path.dsv'
[2.125s] INFO:colcon.colcon_core.shell:Creating environment hook '/home/saeid/ros2_ws/install/box_bot_gazebo/share/box_bot_gazebo/hook/cmake_prefix_path.sh'
[2.126s] Level 1:colcon.colcon_core.environment:checking '/home/saeid/ros2_ws/install/box_bot_gazebo/bin'
[2.126s] Level 1:colcon.colcon_core.environment:checking '/home/saeid/ros2_ws/install/box_bot_gazebo/lib/pkgconfig/box_bot_gazebo.pc'
[2.126s] Level 1:colcon.colcon_core.environment:checking '/home/saeid/ros2_ws/install/box_bot_gazebo/lib/python3.10/site-packages'
[2.126s] Level 1:colcon.colcon_core.environment:checking '/home/saeid/ros2_ws/install/box_bot_gazebo/bin'
[2.126s] INFO:colcon.colcon_core.shell:Creating package script '/home/saeid/ros2_ws/install/box_bot_gazebo/share/box_bot_gazebo/package.ps1'
[2.126s] INFO:colcon.colcon_core.shell:Creating package descriptor '/home/saeid/ros2_ws/install/box_bot_gazebo/share/box_bot_gazebo/package.dsv'
[2.127s] INFO:colcon.colcon_core.shell:Creating package script '/home/saeid/ros2_ws/install/box_bot_gazebo/share/box_bot_gazebo/package.sh'
[2.127s] INFO:colcon.colcon_core.shell:Creating package script '/home/saeid/ros2_ws/install/box_bot_gazebo/share/box_bot_gazebo/package.bash'
[2.127s] INFO:colcon.colcon_core.shell:Creating package script '/home/saeid/ros2_ws/install/box_bot_gazebo/share/box_bot_gazebo/package.zsh'
[2.127s] Level 1:colcon.colcon_core.environment:create_file_with_runtime_dependencies(/home/saeid/ros2_ws/install/box_bot_gazebo/share/colcon-core/packages/box_bot_gazebo)
[2.149s] Level 1:colcon.colcon_core.environment:create_environment_scripts_only(box_bot_gazebo)
[2.149s] Level 1:colcon.colcon_core.environment:checking '/home/saeid/ros2_ws/install/box_bot_gazebo' for CMake module files
[2.150s] Level 1:colcon.colcon_core.environment:checking '/home/saeid/ros2_ws/install/box_bot_gazebo' for CMake config files
[2.150s] Level 1:colcon.colcon_core.shell:create_environment_hook('box_bot_gazebo', 'cmake_prefix_path')
[2.150s] INFO:colcon.colcon_core.shell:Creating environment hook '/home/saeid/ros2_ws/install/box_bot_gazebo/share/box_bot_gazebo/hook/cmake_prefix_path.ps1'
[2.152s] INFO:colcon.colcon_core.shell:Creating environment descriptor '/home/saeid/ros2_ws/install/box_bot_gazebo/share/box_bot_gazebo/hook/cmake_prefix_path.dsv'
[2.153s] INFO:colcon.colcon_core.shell:Creating environment hook '/home/saeid/ros2_ws/install/box_bot_gazebo/share/box_bot_gazebo/hook/cmake_prefix_path.sh'
[2.154s] Level 1:colcon.colcon_core.environment:checking '/home/saeid/ros2_ws/install/box_bot_gazebo/bin'
[2.155s] Level 1:colcon.colcon_core.environment:checking '/home/saeid/ros2_ws/install/box_bot_gazebo/lib/pkgconfig/box_bot_gazebo.pc'
[2.156s] Level 1:colcon.colcon_core.environment:checking '/home/saeid/ros2_ws/install/box_bot_gazebo/lib/python3.10/site-packages'
[2.156s] Level 1:colcon.colcon_core.environment:checking '/home/saeid/ros2_ws/install/box_bot_gazebo/bin'
[2.157s] INFO:colcon.colcon_core.shell:Creating package script '/home/saeid/ros2_ws/install/box_bot_gazebo/share/box_bot_gazebo/package.ps1'
[2.159s] INFO:colcon.colcon_core.shell:Creating package descriptor '/home/saeid/ros2_ws/install/box_bot_gazebo/share/box_bot_gazebo/package.dsv'
[2.160s] INFO:colcon.colcon_core.shell:Creating package script '/home/saeid/ros2_ws/install/box_bot_gazebo/share/box_bot_gazebo/package.sh'
[2.161s] INFO:colcon.colcon_core.shell:Creating package script '/home/saeid/ros2_ws/install/box_bot_gazebo/share/box_bot_gazebo/package.bash'
[2.162s] INFO:colcon.colcon_core.shell:Creating package script '/home/saeid/ros2_ws/install/box_bot_gazebo/share/box_bot_gazebo/package.zsh'
[2.163s] Level 1:colcon.colcon_core.environment:create_file_with_runtime_dependencies(/home/saeid/ros2_ws/install/box_bot_gazebo/share/colcon-core/packages/box_bot_gazebo)
[2.164s] DEBUG:colcon.colcon_parallel_executor.executor.parallel:closing loop
[2.165s] DEBUG:colcon.colcon_parallel_executor.executor.parallel:loop closed
[2.165s] DEBUG:colcon.colcon_parallel_executor.executor.parallel:run_until_complete finished with '0'
[2.165s] DEBUG:colcon.colcon_core.event_reactor:joining thread
[2.187s] INFO:colcon.colcon_core.plugin_system:Skipping extension 'colcon_notification.desktop_notification.terminal_notifier': Not used on non-Darwin systems
[2.188s] INFO:colcon.colcon_core.plugin_system:Skipping extension 'colcon_notification.desktop_notification.win32': Not used on non-Windows systems
[2.188s] INFO:colcon.colcon_notification.desktop_notification:Sending desktop notification using 'notify2'
[2.216s] DEBUG:colcon.colcon_core.event_reactor:joined thread
[2.216s] INFO:colcon.colcon_core.shell:Creating prefix script '/home/saeid/ros2_ws/install/local_setup.ps1'
[2.218s] INFO:colcon.colcon_core.shell:Creating prefix util module '/home/saeid/ros2_ws/install/_local_setup_util_ps1.py'
[2.219s] INFO:colcon.colcon_core.shell:Creating prefix chain script '/home/saeid/ros2_ws/install/setup.ps1'
[2.221s] INFO:colcon.colcon_core.shell:Creating prefix script '/home/saeid/ros2_ws/install/local_setup.sh'
[2.221s] INFO:colcon.colcon_core.shell:Creating prefix util module '/home/saeid/ros2_ws/install/_local_setup_util_sh.py'
[2.221s] INFO:colcon.colcon_core.shell:Creating prefix chain script '/home/saeid/ros2_ws/install/setup.sh'
[2.222s] INFO:colcon.colcon_core.shell:Creating prefix script '/home/saeid/ros2_ws/install/local_setup.bash'
[2.222s] INFO:colcon.colcon_core.shell:Creating prefix chain script '/home/saeid/ros2_ws/install/setup.bash'
[2.223s] INFO:colcon.colcon_core.shell:Creating prefix script '/home/saeid/ros2_ws/install/local_setup.zsh'
[2.223s] INFO:colcon.colcon_core.shell:Creating prefix chain script '/home/saeid/ros2_ws/install/setup.zsh'
