[0.062s] DEBUG:colcon:Command line arguments: ['/usr/bin/colcon', 'build']
[0.062s] DEBUG:colcon:Parsed command line arguments: Namespace(log_base=None, log_level=None, verb_name='build', build_base='build', install_base='install', merge_install=False, symlink_install=False, test_result_base=None, continue_on_error=False, executor='parallel', parallel_workers=16, event_handlers=None, ignore_user_meta=False, metas=['./colcon.meta'], base_paths=['.'], packages_ignore=None, packages_ignore_regex=None, paths=None, packages_up_to=None, packages_up_to_regex=None, packages_above=None, packages_above_and_dependencies=None, packages_above_depth=None, packages_select_by_dep=None, packages_skip_by_dep=None, packages_skip_up_to=None, packages_select_build_failed=False, packages_skip_build_finished=False, packages_select_test_failures=False, packages_skip_test_passed=False, packages_select=None, packages_skip=None, packages_select_regex=None, packages_skip_regex=None, packages_start=None, packages_end=None, allow_overriding=[], cmake_args=None, cmake_target=None, cmake_target_skip_unavailable=False, cmake_clean_cache=False, cmake_clean_first=False, cmake_force_configure=False, ament_cmake_args=None, catkin_cmake_args=None, catkin_skip_building_tests=False, verb_parser=<colcon_defaults.argument_parser.defaults.DefaultArgumentsDecorator object at 0x7426c2b13f10>, verb_extension=<colcon_core.verb.build.BuildVerb object at 0x7426c2c5cb20>, main=<bound method BuildVerb.main of <colcon_core.verb.build.BuildVerb object at 0x7426c2c5cb20>>)
[0.148s] Level 1:colcon.colcon_core.package_discovery:discover_packages(colcon_meta) check parameters
[0.149s] Level 1:colcon.colcon_core.package_discovery:discover_packages(recursive) check parameters
[0.149s] Level 1:colcon.colcon_core.package_discovery:discover_packages(ignore) check parameters
[0.149s] Level 1:colcon.colcon_core.package_discovery:discover_packages(path) check parameters
[0.149s] Level 1:colcon.colcon_core.package_discovery:discover_packages(colcon_meta) discover
[0.149s] Level 1:colcon.colcon_core.package_discovery:discover_packages(recursive) discover
[0.149s] INFO:colcon.colcon_core.package_discovery:Crawling recursively for packages in '/home/saeid/ros2_ws'
[0.149s] Level 1:colcon.colcon_core.package_identification:_identify(.) by extensions ['ignore', 'ignore_ament_install']
[0.149s] Level 1:colcon.colcon_core.package_identification:_identify(.) by extension 'ignore'
[0.149s] Level 1:colcon.colcon_core.package_identification:_identify(.) by extension 'ignore_ament_install'
[0.149s] Level 1:colcon.colcon_core.package_identification:_identify(.) by extensions ['colcon_pkg']
[0.149s] Level 1:colcon.colcon_core.package_identification:_identify(.) by extension 'colcon_pkg'
[0.149s] Level 1:colcon.colcon_core.package_identification:_identify(.) by extensions ['colcon_meta']
[0.149s] Level 1:colcon.colcon_core.package_identification:_identify(.) by extension 'colcon_meta'
[0.149s] Level 1:colcon.colcon_core.package_identification:_identify(.) by extensions ['ros']
[0.149s] Level 1:colcon.colcon_core.package_identification:_identify(.) by extension 'ros'
[0.156s] Level 1:colcon.colcon_core.package_identification:_identify(.) by extensions ['cmake', 'python']
[0.157s] Level 1:colcon.colcon_core.package_identification:_identify(.) by extension 'cmake'
[0.157s] Level 1:colcon.colcon_core.package_identification:_identify(.) by extension 'python'
[0.157s] Level 1:colcon.colcon_core.package_identification:_identify(.) by extensions ['python_setup_py']
[0.157s] Level 1:colcon.colcon_core.package_identification:_identify(.) by extension 'python_setup_py'
[0.157s] Level 1:colcon.colcon_core.package_identification:_identify(build) by extensions ['ignore', 'ignore_ament_install']
[0.157s] Level 1:colcon.colcon_core.package_identification:_identify(build) by extension 'ignore'
[0.157s] Level 1:colcon.colcon_core.package_identification:_identify(build) ignored
[0.157s] Level 1:colcon.colcon_core.package_identification:_identify(install) by extensions ['ignore', 'ignore_ament_install']
[0.157s] Level 1:colcon.colcon_core.package_identification:_identify(install) by extension 'ignore'
[0.157s] Level 1:colcon.colcon_core.package_identification:_identify(install) ignored
[0.157s] Level 1:colcon.colcon_core.package_identification:_identify(log) by extensions ['ignore', 'ignore_ament_install']
[0.157s] Level 1:colcon.colcon_core.package_identification:_identify(log) by extension 'ignore'
[0.157s] Level 1:colcon.colcon_core.package_identification:_identify(log) ignored
[0.157s] Level 1:colcon.colcon_core.package_identification:_identify(src) by extensions ['ignore', 'ignore_ament_install']
[0.157s] Level 1:colcon.colcon_core.package_identification:_identify(src) by extension 'ignore'
[0.157s] Level 1:colcon.colcon_core.package_identification:_identify(src) by extension 'ignore_ament_install'
[0.157s] Level 1:colcon.colcon_core.package_identification:_identify(src) by extensions ['colcon_pkg']
[0.157s] Level 1:colcon.colcon_core.package_identification:_identify(src) by extension 'colcon_pkg'
[0.157s] Level 1:colcon.colcon_core.package_identification:_identify(src) by extensions ['colcon_meta']
[0.157s] Level 1:colcon.colcon_core.package_identification:_identify(src) by extension 'colcon_meta'
[0.157s] Level 1:colcon.colcon_core.package_identification:_identify(src) by extensions ['ros']
[0.157s] Level 1:colcon.colcon_core.package_identification:_identify(src) by extension 'ros'
[0.157s] Level 1:colcon.colcon_core.package_identification:_identify(src) by extensions ['cmake', 'python']
[0.157s] Level 1:colcon.colcon_core.package_identification:_identify(src) by extension 'cmake'
[0.157s] Level 1:colcon.colcon_core.package_identification:_identify(src) by extension 'python'
[0.157s] Level 1:colcon.colcon_core.package_identification:_identify(src) by extensions ['python_setup_py']
[0.157s] Level 1:colcon.colcon_core.package_identification:_identify(src) by extension 'python_setup_py'
[0.157s] Level 1:colcon.colcon_core.package_identification:_identify(src/box_bot) by extensions ['ignore', 'ignore_ament_install']
[0.158s] Level 1:colcon.colcon_core.package_identification:_identify(src/box_bot) by extension 'ignore'
[0.158s] Level 1:colcon.colcon_core.package_identification:_identify(src/box_bot) by extension 'ignore_ament_install'
[0.158s] Level 1:colcon.colcon_core.package_identification:_identify(src/box_bot) by extensions ['colcon_pkg']
[0.158s] Level 1:colcon.colcon_core.package_identification:_identify(src/box_bot) by extension 'colcon_pkg'
[0.158s] Level 1:colcon.colcon_core.package_identification:_identify(src/box_bot) by extensions ['colcon_meta']
[0.158s] Level 1:colcon.colcon_core.package_identification:_identify(src/box_bot) by extension 'colcon_meta'
[0.158s] Level 1:colcon.colcon_core.package_identification:_identify(src/box_bot) by extensions ['ros']
[0.158s] Level 1:colcon.colcon_core.package_identification:_identify(src/box_bot) by extension 'ros'
[0.158s] Level 1:colcon.colcon_core.package_identification:_identify(src/box_bot) by extensions ['cmake', 'python']
[0.158s] Level 1:colcon.colcon_core.package_identification:_identify(src/box_bot) by extension 'cmake'
[0.158s] Level 1:colcon.colcon_core.package_identification:_identify(src/box_bot) by extension 'python'
[0.158s] Level 1:colcon.colcon_core.package_identification:_identify(src/box_bot) by extensions ['python_setup_py']
[0.158s] Level 1:colcon.colcon_core.package_identification:_identify(src/box_bot) by extension 'python_setup_py'
[0.158s] Level 1:colcon.colcon_core.package_identification:_identify(src/box_bot/Docs) by extensions ['ignore', 'ignore_ament_install']
[0.158s] Level 1:colcon.colcon_core.package_identification:_identify(src/box_bot/Docs) by extension 'ignore'
[0.158s] Level 1:colcon.colcon_core.package_identification:_identify(src/box_bot/Docs) by extension 'ignore_ament_install'
[0.158s] Level 1:colcon.colcon_core.package_identification:_identify(src/box_bot/Docs) by extensions ['colcon_pkg']
[0.158s] Level 1:colcon.colcon_core.package_identification:_identify(src/box_bot/Docs) by extension 'colcon_pkg'
[0.158s] Level 1:colcon.colcon_core.package_identification:_identify(src/box_bot/Docs) by extensions ['colcon_meta']
[0.158s] Level 1:colcon.colcon_core.package_identification:_identify(src/box_bot/Docs) by extension 'colcon_meta'
[0.158s] Level 1:colcon.colcon_core.package_identification:_identify(src/box_bot/Docs) by extensions ['ros']
[0.158s] Level 1:colcon.colcon_core.package_identification:_identify(src/box_bot/Docs) by extension 'ros'
[0.158s] Level 1:colcon.colcon_core.package_identification:_identify(src/box_bot/Docs) by extensions ['cmake', 'python']
[0.158s] Level 1:colcon.colcon_core.package_identification:_identify(src/box_bot/Docs) by extension 'cmake'
[0.158s] Level 1:colcon.colcon_core.package_identification:_identify(src/box_bot/Docs) by extension 'python'
[0.158s] Level 1:colcon.colcon_core.package_identification:_identify(src/box_bot/Docs) by extensions ['python_setup_py']
[0.158s] Level 1:colcon.colcon_core.package_identification:_identify(src/box_bot/Docs) by extension 'python_setup_py'
[0.158s] Level 1:colcon.colcon_core.package_identification:_identify(src/box_bot/box_bot_controller) by extensions ['ignore', 'ignore_ament_install']
[0.158s] Level 1:colcon.colcon_core.package_identification:_identify(src/box_bot/box_bot_controller) by extension 'ignore'
[0.158s] Level 1:colcon.colcon_core.package_identification:_identify(src/box_bot/box_bot_controller) by extension 'ignore_ament_install'
[0.158s] Level 1:colcon.colcon_core.package_identification:_identify(src/box_bot/box_bot_controller) by extensions ['colcon_pkg']
[0.158s] Level 1:colcon.colcon_core.package_identification:_identify(src/box_bot/box_bot_controller) by extension 'colcon_pkg'
[0.158s] Level 1:colcon.colcon_core.package_identification:_identify(src/box_bot/box_bot_controller) by extensions ['colcon_meta']
[0.158s] Level 1:colcon.colcon_core.package_identification:_identify(src/box_bot/box_bot_controller) by extension 'colcon_meta'
[0.158s] Level 1:colcon.colcon_core.package_identification:_identify(src/box_bot/box_bot_controller) by extensions ['ros']
[0.158s] Level 1:colcon.colcon_core.package_identification:_identify(src/box_bot/box_bot_controller) by extension 'ros'
[0.158s] Level 1:colcon.colcon_core.package_identification:_identify(src/box_bot/box_bot_controller) by extensions ['cmake', 'python']
[0.158s] Level 1:colcon.colcon_core.package_identification:_identify(src/box_bot/box_bot_controller) by extension 'cmake'
[0.158s] Level 1:colcon.colcon_core.package_identification:_identify(src/box_bot/box_bot_controller) by extension 'python'
[0.158s] Level 1:colcon.colcon_core.package_identification:_identify(src/box_bot/box_bot_controller) by extensions ['python_setup_py']
[0.158s] Level 1:colcon.colcon_core.package_identification:_identify(src/box_bot/box_bot_controller) by extension 'python_setup_py'
[0.158s] Level 1:colcon.colcon_core.package_identification:_identify(src/box_bot/box_bot_description) by extensions ['ignore', 'ignore_ament_install']
[0.159s] Level 1:colcon.colcon_core.package_identification:_identify(src/box_bot/box_bot_description) by extension 'ignore'
[0.159s] Level 1:colcon.colcon_core.package_identification:_identify(src/box_bot/box_bot_description) by extension 'ignore_ament_install'
[0.159s] Level 1:colcon.colcon_core.package_identification:_identify(src/box_bot/box_bot_description) by extensions ['colcon_pkg']
[0.159s] Level 1:colcon.colcon_core.package_identification:_identify(src/box_bot/box_bot_description) by extension 'colcon_pkg'
[0.159s] Level 1:colcon.colcon_core.package_identification:_identify(src/box_bot/box_bot_description) by extensions ['colcon_meta']
[0.159s] Level 1:colcon.colcon_core.package_identification:_identify(src/box_bot/box_bot_description) by extension 'colcon_meta'
[0.159s] Level 1:colcon.colcon_core.package_identification:_identify(src/box_bot/box_bot_description) by extensions ['ros']
[0.159s] Level 1:colcon.colcon_core.package_identification:_identify(src/box_bot/box_bot_description) by extension 'ros'
[0.160s] DEBUG:colcon.colcon_core.package_identification:Package 'src/box_bot/box_bot_description' with type 'ros.ament_cmake' and name 'box_bot_description'
[0.160s] Level 1:colcon.colcon_core.package_identification:_identify(src/box_bot/box_bot_gazebo) by extensions ['ignore', 'ignore_ament_install']
[0.160s] Level 1:colcon.colcon_core.package_identification:_identify(src/box_bot/box_bot_gazebo) by extension 'ignore'
[0.160s] Level 1:colcon.colcon_core.package_identification:_identify(src/box_bot/box_bot_gazebo) by extension 'ignore_ament_install'
[0.161s] Level 1:colcon.colcon_core.package_identification:_identify(src/box_bot/box_bot_gazebo) by extensions ['colcon_pkg']
[0.161s] Level 1:colcon.colcon_core.package_identification:_identify(src/box_bot/box_bot_gazebo) by extension 'colcon_pkg'
[0.161s] Level 1:colcon.colcon_core.package_identification:_identify(src/box_bot/box_bot_gazebo) by extensions ['colcon_meta']
[0.161s] Level 1:colcon.colcon_core.package_identification:_identify(src/box_bot/box_bot_gazebo) by extension 'colcon_meta'
[0.161s] Level 1:colcon.colcon_core.package_identification:_identify(src/box_bot/box_bot_gazebo) by extensions ['ros']
[0.161s] Level 1:colcon.colcon_core.package_identification:_identify(src/box_bot/box_bot_gazebo) by extension 'ros'
[0.161s] DEBUG:colcon.colcon_core.package_identification:Package 'src/box_bot/box_bot_gazebo' with type 'ros.ament_cmake' and name 'box_bot_gazebo'
[0.161s] Level 1:colcon.colcon_core.package_discovery:discover_packages(recursive) using defaults
[0.161s] Level 1:colcon.colcon_core.package_discovery:discover_packages(ignore) discover
[0.161s] Level 1:colcon.colcon_core.package_discovery:discover_packages(ignore) using defaults
[0.161s] Level 1:colcon.colcon_core.package_discovery:discover_packages(path) discover
[0.161s] Level 1:colcon.colcon_core.package_discovery:discover_packages(path) using defaults
[0.173s] Level 1:colcon.colcon_core.package_discovery:discover_packages(prefix_path) check parameters
[0.173s] Level 1:colcon.colcon_core.package_discovery:discover_packages(prefix_path) discover
[0.174s] DEBUG:colcon.colcon_installed_package_information.package_discovery:Found 2 installed packages in /home/saeid/ros2_ws/install
[0.175s] DEBUG:colcon.colcon_installed_package_information.package_discovery:Found 278 installed packages in /opt/ros/humble
[0.176s] Level 1:colcon.colcon_core.package_discovery:discover_packages(prefix_path) using defaults
[0.203s] Level 5:colcon.colcon_core.verb:set package 'box_bot_description' build argument 'cmake_args' from command line to 'None'
[0.203s] Level 5:colcon.colcon_core.verb:set package 'box_bot_description' build argument 'cmake_target' from command line to 'None'
[0.203s] Level 5:colcon.colcon_core.verb:set package 'box_bot_description' build argument 'cmake_target_skip_unavailable' from command line to 'False'
[0.203s] Level 5:colcon.colcon_core.verb:set package 'box_bot_description' build argument 'cmake_clean_cache' from command line to 'False'
[0.203s] Level 5:colcon.colcon_core.verb:set package 'box_bot_description' build argument 'cmake_clean_first' from command line to 'False'
[0.203s] Level 5:colcon.colcon_core.verb:set package 'box_bot_description' build argument 'cmake_force_configure' from command line to 'False'
[0.203s] Level 5:colcon.colcon_core.verb:set package 'box_bot_description' build argument 'ament_cmake_args' from command line to 'None'
[0.203s] Level 5:colcon.colcon_core.verb:set package 'box_bot_description' build argument 'catkin_cmake_args' from command line to 'None'
[0.203s] Level 5:colcon.colcon_core.verb:set package 'box_bot_description' build argument 'catkin_skip_building_tests' from command line to 'False'
[0.203s] DEBUG:colcon.colcon_core.verb:Building package 'box_bot_description' with the following arguments: {'ament_cmake_args': None, 'build_base': '/home/saeid/ros2_ws/build/box_bot_description', 'catkin_cmake_args': None, 'catkin_skip_building_tests': False, 'cmake_args': None, 'cmake_clean_cache': False, 'cmake_clean_first': False, 'cmake_force_configure': False, 'cmake_target': None, 'cmake_target_skip_unavailable': False, 'install_base': '/home/saeid/ros2_ws/install/box_bot_description', 'merge_install': False, 'path': '/home/saeid/ros2_ws/src/box_bot/box_bot_description', 'symlink_install': False, 'test_result_base': None}
[0.203s] Level 5:colcon.colcon_core.verb:set package 'box_bot_gazebo' build argument 'cmake_args' from command line to 'None'
[0.203s] Level 5:colcon.colcon_core.verb:set package 'box_bot_gazebo' build argument 'cmake_target' from command line to 'None'
[0.203s] Level 5:colcon.colcon_core.verb:set package 'box_bot_gazebo' build argument 'cmake_target_skip_unavailable' from command line to 'False'
[0.203s] Level 5:colcon.colcon_core.verb:set package 'box_bot_gazebo' build argument 'cmake_clean_cache' from command line to 'False'
[0.203s] Level 5:colcon.colcon_core.verb:set package 'box_bot_gazebo' build argument 'cmake_clean_first' from command line to 'False'
[0.203s] Level 5:colcon.colcon_core.verb:set package 'box_bot_gazebo' build argument 'cmake_force_configure' from command line to 'False'
[0.203s] Level 5:colcon.colcon_core.verb:set package 'box_bot_gazebo' build argument 'ament_cmake_args' from command line to 'None'
[0.203s] Level 5:colcon.colcon_core.verb:set package 'box_bot_gazebo' build argument 'catkin_cmake_args' from command line to 'None'
[0.203s] Level 5:colcon.colcon_core.verb:set package 'box_bot_gazebo' build argument 'catkin_skip_building_tests' from command line to 'False'
[0.203s] DEBUG:colcon.colcon_core.verb:Building package 'box_bot_gazebo' with the following arguments: {'ament_cmake_args': None, 'build_base': '/home/saeid/ros2_ws/build/box_bot_gazebo', 'catkin_cmake_args': None, 'catkin_skip_building_tests': False, 'cmake_args': None, 'cmake_clean_cache': False, 'cmake_clean_first': False, 'cmake_force_configure': False, 'cmake_target': None, 'cmake_target_skip_unavailable': False, 'install_base': '/home/saeid/ros2_ws/install/box_bot_gazebo', 'merge_install': False, 'path': '/home/saeid/ros2_ws/src/box_bot/box_bot_gazebo', 'symlink_install': False, 'test_result_base': None}
[0.203s] INFO:colcon.colcon_core.executor:Executing jobs using 'parallel' executor
[0.204s] DEBUG:colcon.colcon_parallel_executor.executor.parallel:run_until_complete
[0.204s] INFO:colcon.colcon_ros.task.ament_cmake.build:Building ROS package in '/home/saeid/ros2_ws/src/box_bot/box_bot_description' with build type 'ament_cmake'
[0.204s] INFO:colcon.colcon_cmake.task.cmake.build:Building CMake package in '/home/saeid/ros2_ws/src/box_bot/box_bot_description'
[0.205s] INFO:colcon.colcon_core.plugin_system:Skipping extension 'colcon_core.shell.bat': Not used on non-Windows systems
[0.205s] INFO:colcon.colcon_core.shell:Skip shell extension 'powershell' for command environment: Not usable outside of PowerShell
[0.205s] DEBUG:colcon.colcon_core.shell:Skip shell extension 'dsv' for command environment
[0.207s] INFO:colcon.colcon_ros.task.ament_cmake.build:Building ROS package in '/home/saeid/ros2_ws/src/box_bot/box_bot_gazebo' with build type 'ament_cmake'
[0.207s] INFO:colcon.colcon_cmake.task.cmake.build:Building CMake package in '/home/saeid/ros2_ws/src/box_bot/box_bot_gazebo'
[0.208s] INFO:colcon.colcon_core.shell:Skip shell extension 'powershell' for command environment: Not usable outside of PowerShell
[0.208s] DEBUG:colcon.colcon_core.shell:Skip shell extension 'dsv' for command environment
[0.213s] DEBUG:colcon.colcon_core.event_handler.log_command:Invoking command in '/home/saeid/ros2_ws/build/box_bot_description': CMAKE_PREFIX_PATH=${CMAKE_PREFIX_PATH}:/opt/ros/humble /usr/bin/cmake --build /home/saeid/ros2_ws/build/box_bot_description -- -j16 -l16
[0.215s] DEBUG:colcon.colcon_core.event_handler.log_command:Invoking command in '/home/saeid/ros2_ws/build/box_bot_gazebo': CMAKE_PREFIX_PATH=${CMAKE_PREFIX_PATH}:/opt/ros/humble /usr/bin/cmake --build /home/saeid/ros2_ws/build/box_bot_gazebo -- -j16 -l16
[0.236s] DEBUG:colcon.colcon_core.event_handler.log_command:Invoked command in '/home/saeid/ros2_ws/build/box_bot_description' returned '0': CMAKE_PREFIX_PATH=${CMAKE_PREFIX_PATH}:/opt/ros/humble /usr/bin/cmake --build /home/saeid/ros2_ws/build/box_bot_description -- -j16 -l16
[0.242s] DEBUG:colcon.colcon_core.event_handler.log_command:Invoked command in '/home/saeid/ros2_ws/build/box_bot_gazebo' returned '0': CMAKE_PREFIX_PATH=${CMAKE_PREFIX_PATH}:/opt/ros/humble /usr/bin/cmake --build /home/saeid/ros2_ws/build/box_bot_gazebo -- -j16 -l16
[0.256s] DEBUG:colcon.colcon_core.event_handler.log_command:Invoking command in '/home/saeid/ros2_ws/build/box_bot_description': CMAKE_PREFIX_PATH=${CMAKE_PREFIX_PATH}:/opt/ros/humble /usr/bin/cmake --install /home/saeid/ros2_ws/build/box_bot_description
[0.259s] DEBUG:colcon.colcon_core.event_handler.log_command:Invoking command in '/home/saeid/ros2_ws/build/box_bot_gazebo': CMAKE_PREFIX_PATH=${CMAKE_PREFIX_PATH}:/opt/ros/humble /usr/bin/cmake --install /home/saeid/ros2_ws/build/box_bot_gazebo
[0.265s] Level 1:colcon.colcon_core.environment:create_environment_scripts_only(box_bot_description)
[0.268s] Level 1:colcon.colcon_core.environment:checking '/home/saeid/ros2_ws/install/box_bot_description' for CMake module files
[0.269s] DEBUG:colcon.colcon_core.event_handler.log_command:Invoked command in '/home/saeid/ros2_ws/build/box_bot_description' returned '0': CMAKE_PREFIX_PATH=${CMAKE_PREFIX_PATH}:/opt/ros/humble /usr/bin/cmake --install /home/saeid/ros2_ws/build/box_bot_description
[0.269s] Level 1:colcon.colcon_core.environment:checking '/home/saeid/ros2_ws/install/box_bot_description' for CMake config files
[0.269s] Level 1:colcon.colcon_core.shell:create_environment_hook('box_bot_description', 'cmake_prefix_path')
[0.269s] INFO:colcon.colcon_core.shell:Creating environment hook '/home/saeid/ros2_ws/install/box_bot_description/share/box_bot_description/hook/cmake_prefix_path.ps1'
[0.270s] INFO:colcon.colcon_core.shell:Creating environment descriptor '/home/saeid/ros2_ws/install/box_bot_description/share/box_bot_description/hook/cmake_prefix_path.dsv'
[0.270s] INFO:colcon.colcon_core.shell:Creating environment hook '/home/saeid/ros2_ws/install/box_bot_description/share/box_bot_description/hook/cmake_prefix_path.sh'
[0.271s] Level 1:colcon.colcon_core.environment:checking '/home/saeid/ros2_ws/install/box_bot_description/lib'
[0.271s] Level 1:colcon.colcon_core.environment:checking '/home/saeid/ros2_ws/install/box_bot_description/bin'
[0.271s] Level 1:colcon.colcon_core.environment:checking '/home/saeid/ros2_ws/install/box_bot_description/lib/pkgconfig/box_bot_description.pc'
[0.271s] Level 1:colcon.colcon_core.environment:checking '/home/saeid/ros2_ws/install/box_bot_description/lib/python3.10/site-packages'
[0.271s] Level 1:colcon.colcon_core.environment:checking '/home/saeid/ros2_ws/install/box_bot_description/bin'
[0.271s] INFO:colcon.colcon_core.shell:Creating package script '/home/saeid/ros2_ws/install/box_bot_description/share/box_bot_description/package.ps1'
[0.272s] INFO:colcon.colcon_core.shell:Creating package descriptor '/home/saeid/ros2_ws/install/box_bot_description/share/box_bot_description/package.dsv'
[0.272s] INFO:colcon.colcon_core.shell:Creating package script '/home/saeid/ros2_ws/install/box_bot_description/share/box_bot_description/package.sh'
[0.272s] INFO:colcon.colcon_core.shell:Creating package script '/home/saeid/ros2_ws/install/box_bot_description/share/box_bot_description/package.bash'
[0.273s] INFO:colcon.colcon_core.shell:Creating package script '/home/saeid/ros2_ws/install/box_bot_description/share/box_bot_description/package.zsh'
[0.273s] Level 1:colcon.colcon_core.environment:create_file_with_runtime_dependencies(/home/saeid/ros2_ws/install/box_bot_description/share/colcon-core/packages/box_bot_description)
[0.274s] Level 1:colcon.colcon_core.environment:create_environment_scripts_only(box_bot_gazebo)
[0.274s] DEBUG:colcon.colcon_core.event_handler.log_command:Invoked command in '/home/saeid/ros2_ws/build/box_bot_gazebo' returned '0': CMAKE_PREFIX_PATH=${CMAKE_PREFIX_PATH}:/opt/ros/humble /usr/bin/cmake --install /home/saeid/ros2_ws/build/box_bot_gazebo
[0.275s] Level 1:colcon.colcon_core.environment:checking '/home/saeid/ros2_ws/install/box_bot_gazebo' for CMake module files
[0.275s] Level 1:colcon.colcon_core.environment:checking '/home/saeid/ros2_ws/install/box_bot_gazebo' for CMake config files
[0.275s] Level 1:colcon.colcon_core.shell:create_environment_hook('box_bot_gazebo', 'cmake_prefix_path')
[0.275s] INFO:colcon.colcon_core.shell:Creating environment hook '/home/saeid/ros2_ws/install/box_bot_gazebo/share/box_bot_gazebo/hook/cmake_prefix_path.ps1'
[0.275s] INFO:colcon.colcon_core.shell:Creating environment descriptor '/home/saeid/ros2_ws/install/box_bot_gazebo/share/box_bot_gazebo/hook/cmake_prefix_path.dsv'
[0.275s] INFO:colcon.colcon_core.shell:Creating environment hook '/home/saeid/ros2_ws/install/box_bot_gazebo/share/box_bot_gazebo/hook/cmake_prefix_path.sh'
[0.276s] Level 1:colcon.colcon_core.environment:checking '/home/saeid/ros2_ws/install/box_bot_gazebo/bin'
[0.276s] Level 1:colcon.colcon_core.environment:checking '/home/saeid/ros2_ws/install/box_bot_gazebo/lib/pkgconfig/box_bot_gazebo.pc'
[0.276s] Level 1:colcon.colcon_core.environment:checking '/home/saeid/ros2_ws/install/box_bot_gazebo/lib/python3.10/site-packages'
[0.276s] Level 1:colcon.colcon_core.environment:checking '/home/saeid/ros2_ws/install/box_bot_gazebo/bin'
[0.276s] INFO:colcon.colcon_core.shell:Creating package script '/home/saeid/ros2_ws/install/box_bot_gazebo/share/box_bot_gazebo/package.ps1'
[0.276s] INFO:colcon.colcon_core.shell:Creating package descriptor '/home/saeid/ros2_ws/install/box_bot_gazebo/share/box_bot_gazebo/package.dsv'
[0.277s] INFO:colcon.colcon_core.shell:Creating package script '/home/saeid/ros2_ws/install/box_bot_gazebo/share/box_bot_gazebo/package.sh'
[0.277s] INFO:colcon.colcon_core.shell:Creating package script '/home/saeid/ros2_ws/install/box_bot_gazebo/share/box_bot_gazebo/package.bash'
[0.277s] INFO:colcon.colcon_core.shell:Creating package script '/home/saeid/ros2_ws/install/box_bot_gazebo/share/box_bot_gazebo/package.zsh'
[0.277s] Level 1:colcon.colcon_core.environment:create_file_with_runtime_dependencies(/home/saeid/ros2_ws/install/box_bot_gazebo/share/colcon-core/packages/box_bot_gazebo)
[0.286s] Level 1:colcon.colcon_core.environment:create_environment_scripts_only(box_bot_description)
[0.286s] Level 1:colcon.colcon_core.environment:checking '/home/saeid/ros2_ws/install/box_bot_description' for CMake module files
[0.286s] Level 1:colcon.colcon_core.environment:checking '/home/saeid/ros2_ws/install/box_bot_description' for CMake config files
[0.286s] Level 1:colcon.colcon_core.shell:create_environment_hook('box_bot_description', 'cmake_prefix_path')
[0.286s] INFO:colcon.colcon_core.shell:Creating environment hook '/home/saeid/ros2_ws/install/box_bot_description/share/box_bot_description/hook/cmake_prefix_path.ps1'
[0.286s] INFO:colcon.colcon_core.shell:Creating environment descriptor '/home/saeid/ros2_ws/install/box_bot_description/share/box_bot_description/hook/cmake_prefix_path.dsv'
[0.287s] INFO:colcon.colcon_core.shell:Creating environment hook '/home/saeid/ros2_ws/install/box_bot_description/share/box_bot_description/hook/cmake_prefix_path.sh'
[0.287s] Level 1:colcon.colcon_core.environment:checking '/home/saeid/ros2_ws/install/box_bot_description/lib'
[0.287s] Level 1:colcon.colcon_core.environment:checking '/home/saeid/ros2_ws/install/box_bot_description/bin'
[0.287s] Level 1:colcon.colcon_core.environment:checking '/home/saeid/ros2_ws/install/box_bot_description/lib/pkgconfig/box_bot_description.pc'
[0.287s] Level 1:colcon.colcon_core.environment:checking '/home/saeid/ros2_ws/install/box_bot_description/lib/python3.10/site-packages'
[0.287s] Level 1:colcon.colcon_core.environment:checking '/home/saeid/ros2_ws/install/box_bot_description/bin'
[0.288s] INFO:colcon.colcon_core.shell:Creating package script '/home/saeid/ros2_ws/install/box_bot_description/share/box_bot_description/package.ps1'
[0.288s] INFO:colcon.colcon_core.shell:Creating package descriptor '/home/saeid/ros2_ws/install/box_bot_description/share/box_bot_description/package.dsv'
[0.288s] INFO:colcon.colcon_core.shell:Creating package script '/home/saeid/ros2_ws/install/box_bot_description/share/box_bot_description/package.sh'
[0.288s] INFO:colcon.colcon_core.shell:Creating package script '/home/saeid/ros2_ws/install/box_bot_description/share/box_bot_description/package.bash'
[0.289s] INFO:colcon.colcon_core.shell:Creating package script '/home/saeid/ros2_ws/install/box_bot_description/share/box_bot_description/package.zsh'
[0.289s] Level 1:colcon.colcon_core.environment:create_file_with_runtime_dependencies(/home/saeid/ros2_ws/install/box_bot_description/share/colcon-core/packages/box_bot_description)
[0.290s] Level 1:colcon.colcon_core.environment:create_environment_scripts_only(box_bot_gazebo)
[0.290s] Level 1:colcon.colcon_core.environment:checking '/home/saeid/ros2_ws/install/box_bot_gazebo' for CMake module files
[0.291s] Level 1:colcon.colcon_core.environment:checking '/home/saeid/ros2_ws/install/box_bot_gazebo' for CMake config files
[0.291s] Level 1:colcon.colcon_core.shell:create_environment_hook('box_bot_gazebo', 'cmake_prefix_path')
[0.291s] INFO:colcon.colcon_core.shell:Creating environment hook '/home/saeid/ros2_ws/install/box_bot_gazebo/share/box_bot_gazebo/hook/cmake_prefix_path.ps1'
[0.291s] INFO:colcon.colcon_core.shell:Creating environment descriptor '/home/saeid/ros2_ws/install/box_bot_gazebo/share/box_bot_gazebo/hook/cmake_prefix_path.dsv'
[0.291s] INFO:colcon.colcon_core.shell:Creating environment hook '/home/saeid/ros2_ws/install/box_bot_gazebo/share/box_bot_gazebo/hook/cmake_prefix_path.sh'
[0.292s] Level 1:colcon.colcon_core.environment:checking '/home/saeid/ros2_ws/install/box_bot_gazebo/bin'
[0.292s] Level 1:colcon.colcon_core.environment:checking '/home/saeid/ros2_ws/install/box_bot_gazebo/lib/pkgconfig/box_bot_gazebo.pc'
[0.292s] Level 1:colcon.colcon_core.environment:checking '/home/saeid/ros2_ws/install/box_bot_gazebo/lib/python3.10/site-packages'
[0.292s] Level 1:colcon.colcon_core.environment:checking '/home/saeid/ros2_ws/install/box_bot_gazebo/bin'
[0.292s] INFO:colcon.colcon_core.shell:Creating package script '/home/saeid/ros2_ws/install/box_bot_gazebo/share/box_bot_gazebo/package.ps1'
[0.293s] INFO:colcon.colcon_core.shell:Creating package descriptor '/home/saeid/ros2_ws/install/box_bot_gazebo/share/box_bot_gazebo/package.dsv'
[0.293s] INFO:colcon.colcon_core.shell:Creating package script '/home/saeid/ros2_ws/install/box_bot_gazebo/share/box_bot_gazebo/package.sh'
[0.293s] INFO:colcon.colcon_core.shell:Creating package script '/home/saeid/ros2_ws/install/box_bot_gazebo/share/box_bot_gazebo/package.bash'
[0.293s] INFO:colcon.colcon_core.shell:Creating package script '/home/saeid/ros2_ws/install/box_bot_gazebo/share/box_bot_gazebo/package.zsh'
[0.294s] Level 1:colcon.colcon_core.environment:create_file_with_runtime_dependencies(/home/saeid/ros2_ws/install/box_bot_gazebo/share/colcon-core/packages/box_bot_gazebo)
[0.294s] DEBUG:colcon.colcon_parallel_executor.executor.parallel:closing loop
[0.294s] DEBUG:colcon.colcon_parallel_executor.executor.parallel:loop closed
[0.294s] DEBUG:colcon.colcon_parallel_executor.executor.parallel:run_until_complete finished with '0'
[0.294s] DEBUG:colcon.colcon_core.event_reactor:joining thread
[0.298s] INFO:colcon.colcon_core.plugin_system:Skipping extension 'colcon_notification.desktop_notification.terminal_notifier': Not used on non-Darwin systems
[0.298s] INFO:colcon.colcon_core.plugin_system:Skipping extension 'colcon_notification.desktop_notification.win32': Not used on non-Windows systems
[0.298s] INFO:colcon.colcon_notification.desktop_notification:Sending desktop notification using 'notify2'
[0.314s] DEBUG:colcon.colcon_core.event_reactor:joined thread
[0.314s] INFO:colcon.colcon_core.shell:Creating prefix script '/home/saeid/ros2_ws/install/local_setup.ps1'
[0.316s] INFO:colcon.colcon_core.shell:Creating prefix util module '/home/saeid/ros2_ws/install/_local_setup_util_ps1.py'
[0.317s] INFO:colcon.colcon_core.shell:Creating prefix chain script '/home/saeid/ros2_ws/install/setup.ps1'
[0.318s] INFO:colcon.colcon_core.shell:Creating prefix script '/home/saeid/ros2_ws/install/local_setup.sh'
[0.318s] INFO:colcon.colcon_core.shell:Creating prefix util module '/home/saeid/ros2_ws/install/_local_setup_util_sh.py'
[0.319s] INFO:colcon.colcon_core.shell:Creating prefix chain script '/home/saeid/ros2_ws/install/setup.sh'
[0.320s] INFO:colcon.colcon_core.shell:Creating prefix script '/home/saeid/ros2_ws/install/local_setup.bash'
[0.320s] INFO:colcon.colcon_core.shell:Creating prefix chain script '/home/saeid/ros2_ws/install/setup.bash'
[0.321s] INFO:colcon.colcon_core.shell:Creating prefix script '/home/saeid/ros2_ws/install/local_setup.zsh'
[0.321s] INFO:colcon.colcon_core.shell:Creating prefix chain script '/home/saeid/ros2_ws/install/setup.zsh'
