[0.008s] Invoking command in '/home/saeid/ros2_ws/build/box_bot_description': CMAKE_PREFIX_PATH=/opt/ros/humble /usr/bin/cmake --build /home/saeid/ros2_ws/build/box_bot_description -- -j16 -l16
[0.069s] Invoked command in '/home/saeid/ros2_ws/build/box_bot_description' returned '0': CMAKE_PREFIX_PATH=/opt/ros/humble /usr/bin/cmake --build /home/saeid/ros2_ws/build/box_bot_description -- -j16 -l16
[0.110s] Invoking command in '/home/saeid/ros2_ws/build/box_bot_description': CMAKE_PREFIX_PATH=/opt/ros/humble /usr/bin/cmake --install /home/saeid/ros2_ws/build/box_bot_description
[0.123s] -- Install configuration: ""
[0.124s] -- Up-to-date: /home/saeid/ros2_ws/install/box_bot_description/share/box_bot_description//launch
[0.124s] -- Up-to-date: /home/saeid/ros2_ws/install/box_bot_description/share/box_bot_description//launch/spawn_box_bot_launch.py
[0.124s] -- Up-to-date: /home/saeid/ros2_ws/install/box_bot_description/share/box_bot_description//launch/spawn_robot_launch.py
[0.124s] -- Up-to-date: /home/saeid/ros2_ws/install/box_bot_description/share/box_bot_description//launch/spawn_box_bot.py
[0.124s] -- Up-to-date: /home/saeid/ros2_ws/install/box_bot_description/share/box_bot_description//launch/multi_spawn_robot_launch.py
[0.124s] -- Up-to-date: /home/saeid/ros2_ws/install/box_bot_description/share/box_bot_description//launch/spawn_box_bot_v2.py
[0.124s] -- Up-to-date: /home/saeid/ros2_ws/install/box_bot_description/share/box_bot_description//robot
[0.124s] -- Up-to-date: /home/saeid/ros2_ws/install/box_bot_description/share/box_bot_description//robot/box_bot.xacro
[0.124s] -- Up-to-date: /home/saeid/ros2_ws/install/box_bot_description/share/box_bot_description//robot/properties.xacro
[0.124s] -- Up-to-date: /home/saeid/ros2_ws/install/box_bot_description/share/box_bot_description//robot/box_bot_propeller.xacro
[0.124s] -- Up-to-date: /home/saeid/ros2_ws/install/box_bot_description/share/box_bot_description//robot/box_bot_body.xacro
[0.124s] -- Up-to-date: /home/saeid/ros2_ws/install/box_bot_description/share/box_bot_description//robot/caster_wheels.xacro
[0.124s] -- Up-to-date: /home/saeid/ros2_ws/install/box_bot_description/share/box_bot_description//robot/macros.xacro
[0.125s] -- Up-to-date: /home/saeid/ros2_ws/install/box_bot_description/share/box_bot_description//robot/wheels.xacro
[0.125s] -- Up-to-date: /home/saeid/ros2_ws/install/box_bot_description/share/box_bot_description//robot/box_bot.urdf
[0.125s] -- Up-to-date: /home/saeid/ros2_ws/install/box_bot_description/share/box_bot_description//robot/materials.xacro
[0.125s] -- Up-to-date: /home/saeid/ros2_ws/install/box_bot_description/share/box_bot_description//robot/box_bot.gazebo
[0.125s] -- Up-to-date: /home/saeid/ros2_ws/install/box_bot_description/share/box_bot_description//robot/box_bot_v2.urdf
[0.125s] -- Up-to-date: /home/saeid/ros2_ws/install/box_bot_description/lib/box_bot_description/spawn_box_bot.py
[0.125s] -- Up-to-date: /home/saeid/ros2_ws/install/box_bot_description/lib/box_bot_description/spawn_box_bot_v2.py
[0.125s] -- Up-to-date: /home/saeid/ros2_ws/install/box_bot_description/share/ament_index/resource_index/package_run_dependencies/box_bot_description
[0.125s] -- Up-to-date: /home/saeid/ros2_ws/install/box_bot_description/share/ament_index/resource_index/parent_prefix_path/box_bot_description
[0.125s] -- Up-to-date: /home/saeid/ros2_ws/install/box_bot_description/share/box_bot_description/environment/ament_prefix_path.sh
[0.125s] -- Up-to-date: /home/saeid/ros2_ws/install/box_bot_description/share/box_bot_description/environment/ament_prefix_path.dsv
[0.125s] -- Up-to-date: /home/saeid/ros2_ws/install/box_bot_description/share/box_bot_description/environment/path.sh
[0.126s] -- Up-to-date: /home/saeid/ros2_ws/install/box_bot_description/share/box_bot_description/environment/path.dsv
[0.126s] -- Up-to-date: /home/saeid/ros2_ws/install/box_bot_description/share/box_bot_description/local_setup.bash
[0.126s] -- Up-to-date: /home/saeid/ros2_ws/install/box_bot_description/share/box_bot_description/local_setup.sh
[0.126s] -- Up-to-date: /home/saeid/ros2_ws/install/box_bot_description/share/box_bot_description/local_setup.zsh
[0.126s] -- Up-to-date: /home/saeid/ros2_ws/install/box_bot_description/share/box_bot_description/local_setup.dsv
[0.126s] -- Installing: /home/saeid/ros2_ws/install/box_bot_description/share/box_bot_description/package.dsv
[0.126s] -- Up-to-date: /home/saeid/ros2_ws/install/box_bot_description/share/ament_index/resource_index/packages/box_bot_description
[0.126s] -- Up-to-date: /home/saeid/ros2_ws/install/box_bot_description/share/box_bot_description/cmake/box_bot_descriptionConfig.cmake
[0.126s] -- Up-to-date: /home/saeid/ros2_ws/install/box_bot_description/share/box_bot_description/cmake/box_bot_descriptionConfig-version.cmake
[0.126s] -- Up-to-date: /home/saeid/ros2_ws/install/box_bot_description/share/box_bot_description/package.xml
[0.128s] Invoked command in '/home/saeid/ros2_ws/build/box_bot_description' returned '0': CMAKE_PREFIX_PATH=/opt/ros/humble /usr/bin/cmake --install /home/saeid/ros2_ws/build/box_bot_description
